<?xml version="1.0" encoding="UTF-8"?>
<testsuite xmlns:xsi="http://www.w3.org/2001/XMLSchema-instance" xsi:noNamespaceSchemaLocation="https://maven.apache.org/surefire/maven-surefire-plugin/xsd/surefire-test-report-3.0.xsd" version="3.0" name="TestSuite" time="268.374" tests="9" errors="0" skipped="5" failures="2">
  <properties>
[...]
</properties>
  <testcase name="user_should_login_excel[User{username=&apos;ciyilok237@naqulu.com&apos;, password=&apos;password123&apos;}, chrome](1)" classname="com.tests.LoginFlowTest" time="0.0">
    <skipped message="stale element reference: stale element not found&#10;  (Session info: chrome=143.0.7499.170)&#10;For documentation on this error, please visit: https://www.selenium.dev/documentation/webdriver/troubleshooting/errors#staleelementreferenceexception&#10;Build info: version: &apos;4.39.0&apos;, revision: &apos;126f156aee&apos;&#10;System info: os.name: &apos;Windows 11&apos;, os.arch: &apos;amd64&apos;, os.version: &apos;10.0&apos;, java.version: &apos;11.0.24&apos;&#10;Driver info: org.openqa.selenium.chrome.ChromeDriver&#10;Command: [1afcae1e7ef3d6f0dd1d1abcc022fc5e, clickElement {id=f.DEAEDA2ED309153FE26460D2D81FFBA3.d.013CC061E84E09DE9B25764014B9300F.e.27}]&#10;Capabilities {acceptInsecureCerts: false, browserName: chrome, browserVersion: 143.0.7499.170, chrome: {chromedriverVersion: 143.0.7499.169 (164b20aab62..., userDataDir: C:\Users\SNEHAD~1\AppData\L...}, fedcm:accounts: true, goog:chromeOptions: {debuggerAddress: localhost:49829}, goog:processID: 2472, networkConnectionEnabled: false, pageLoadStrategy: normal, platformName: windows, proxy: Proxy(), se:cdp: ws://localhost:49829/devtoo..., se:cdpVersion: 143.0.7499.170, setWindowRect: true, strictFileInteractability: false, timeouts: {implicit: 0, pageLoad: 300000, script: 30000}, unhandledPromptBehavior: dismiss and notify, webauthn:extension:credBlob: true, webauthn:extension:largeBlob: true, webauthn:extension:minPinLength: true, webauthn:extension:prf: true, webauthn:virtualAuthenticators: true}&#10;Element: [[ChromeDriver: chrome on windows (1afcae1e7ef3d6f0dd1d1abcc022fc5e)] -&gt; class name: login]&#10;Session ID: 1afcae1e7ef3d6f0dd1d1abcc022fc5e"/>
    <system-out><![CDATA[2026-01-05T15:57:52.585268100Z main ERROR Appenders has no parameter that matches element PatternLayout
2026-01-05 21:27:52 [main] INFO com.listener.MyTestListner::onStart::75 Test Suite Started 
The environment is :qa
The environment is :qa
The environment is :qa
The environment is :qa
2026-01-05 21:27:57 [TestNG-PoolService-1] INFO com.listener.MyTestListner::onTestStart::20 STARTED: user_should_login_excel 
2026-01-05 21:27:57 [TestNG-PoolService-1] INFO com.listener.MyTestListner::onTestStart::22 Description: verifies the user is able to login 
2026-01-05 21:27:57 [TestNG-PoolService-1] INFO com.listener.MyTestListner::onTestStart::24 Groups: e2e 
2026-01-05 21:27:57 [TestNG-PoolService-3] INFO com.listener.MyTestListner::onTestStart::20 STARTED: user_should_login_excel 
2026-01-05 21:27:57 [TestNG-PoolService-3] INFO com.listener.MyTestListner::onTestStart::22 Description: verifies the user is able to login 
2026-01-05 21:27:57 [TestNG-PoolService-3] INFO com.listener.MyTestListner::onTestStart::24 Groups: e2e 
2026-01-05 21:28:02 [TestNG-PoolService-2] INFO com.listener.MyTestListner::onTestStart::20 STARTED: user_should_login_excel 
2026-01-05 21:28:02 [TestNG-PoolService-2] INFO com.listener.MyTestListner::onTestStart::22 Description: verifies the user is able to login 
2026-01-05 21:28:02 [TestNG-PoolService-2] INFO com.listener.MyTestListner::onTestStart::24 Groups: e2e 
2026-01-05 21:28:04 [TestNG-PoolService-4] INFO com.listener.MyTestListner::onTestStart::20 STARTED: user_should_login_excel 
2026-01-05 21:28:04 [TestNG-PoolService-4] INFO com.listener.MyTestListner::onTestStart::22 Description: verifies the user is able to login 
2026-01-05 21:28:04 [TestNG-PoolService-4] INFO com.listener.MyTestListner::onTestStart::24 Groups: e2e 
2026-01-05 21:28:13 [TestNG-PoolService-1] INFO com.pages.LoginPage::gotoHomePage::39 click on sign in btn 
2026-01-05 21:28:14 [TestNG-PoolService-3] INFO com.pages.LoginPage::gotoHomePage::39 click on sign in btn 
2026-01-05 21:28:15 [TestNG-PoolService-2] INFO com.pages.LoginPage::gotoHomePage::39 click on sign in btn 
2026-01-05 21:28:18 [TestNG-PoolService-2] INFO com.pages.LoginPage::gotoHomePage::41 enter username and password 
2026-01-05 21:28:18 [TestNG-PoolService-1] INFO com.pages.LoginPage::gotoHomePage::41 enter username and password 
2026-01-05 21:28:18 [TestNG-PoolService-3] WARN com.listener.MyTestListner::onTestSkipped::66 SKIPPED: user_should_login_excel 
2026-01-05 21:28:18 [TestNG-PoolService-3] WARN com.listener.MyTestListner::onTestSkipped::68 Reason: stale element reference: stale element not found
  (Session info: chrome=143.0.7499.170)
For documentation on this error, please visit: https://www.selenium.dev/documentation/webdriver/troubleshooting/errors#staleelementreferenceexception
Build info: version: '4.39.0', revision: '126f156aee'
System info: os.name: 'Windows 11', os.arch: 'amd64', os.version: '10.0', java.version: '11.0.24'
Driver info: org.openqa.selenium.chrome.ChromeDriver
Command: [1afcae1e7ef3d6f0dd1d1abcc022fc5e, clickElement {id=f.DEAEDA2ED309153FE26460D2D81FFBA3.d.013CC061E84E09DE9B25764014B9300F.e.27}]
Capabilities {acceptInsecureCerts: false, browserName: chrome, browserVersion: 143.0.7499.170, chrome: {chromedriverVersion: 143.0.7499.169 (164b20aab62..., userDataDir: C:\Users\SNEHAD~1\AppData\L...}, fedcm:accounts: true, goog:chromeOptions: {debuggerAddress: localhost:49829}, goog:processID: 2472, networkConnectionEnabled: false, pageLoadStrategy: normal, platformName: windows, proxy: Proxy(), se:cdp: ws://localhost:49829/devtoo..., se:cdpVersion: 143.0.7499.170, setWindowRect: true, strictFileInteractability: false, timeouts: {implicit: 0, pageLoad: 300000, script: 30000}, unhandledPromptBehavior: dismiss and notify, webauthn:extension:credBlob: true, webauthn:extension:largeBlob: true, webauthn:extension:minPinLength: true, webauthn:extension:prf: true, webauthn:virtualAuthenticators: true}
Element: [[ChromeDriver: chrome on windows (1afcae1e7ef3d6f0dd1d1abcc022fc5e)] -> class name: login]
Session ID: 1afcae1e7ef3d6f0dd1d1abcc022fc5e 
2026-01-05 21:28:19 [TestNG-PoolService-4] INFO com.pages.LoginPage::gotoHomePage::39 click on sign in btn 
2026-01-05 21:28:22 [TestNG-PoolService-4] INFO com.pages.LoginPage::gotoHomePage::41 enter username and password 
]]></system-out>
    <system-err><![CDATA[SLF4J(W): No SLF4J providers were found.
SLF4J(W): Defaulting to no-operation (NOP) logger implementation
SLF4J(W): See https://www.slf4j.org/codes.html#noProviders for further details.
]]></system-err>
  </testcase>
  <testcase name="user_should_login_excel[User{username=&apos;ciyilok237@naqulu.com&apos;, password=&apos;password123&apos;}, firefox](2)" classname="com.tests.LoginFlowTest" time="2.911">
    <system-out><![CDATA[The environment is :qa
2026-01-05 21:28:25 [TestNG-PoolService-4] INFO com.listener.MyTestListner::onTestSuccess::29 PASSED: user_should_login_excel 
2026-01-05 21:28:27 [TestNG-PoolService-3] INFO com.listener.MyTestListner::onTestStart::20 STARTED: user_should_login_excel 
2026-01-05 21:28:27 [TestNG-PoolService-3] INFO com.listener.MyTestListner::onTestStart::22 Description: verifies the user is able to login 
2026-01-05 21:28:27 [TestNG-PoolService-3] INFO com.listener.MyTestListner::onTestStart::24 Groups: e2e 
]]></system-out>
  </testcase>
  <testcase name="user_should_login_excel[User{username=&apos;1ciyilok237@naqulu.com&apos;, password=&apos;password123&apos;}, firefox](3)" classname="com.tests.LoginFlowTest" time="0.0">
    <skipped message="Expected condition failed: waiting for visibility of element located by By.className: account (tried for 10 second(s) with 500 milliseconds interval)&#10;Build info: version: &apos;4.39.0&apos;, revision: &apos;126f156aee&apos;&#10;System info: os.name: &apos;Windows 11&apos;, os.arch: &apos;amd64&apos;, os.version: &apos;10.0&apos;, java.version: &apos;11.0.24&apos;&#10;Driver info: org.openqa.selenium.firefox.FirefoxDriver&#10;Capabilities {acceptInsecureCerts: true, browserName: firefox, browserVersion: 146.0.1, moz:accessibilityChecks: false, moz:buildID: 20251217121356, moz:geckodriverVersion: 0.36.0, moz:headless: false, moz:platformVersion: 10.0, moz:processID: 8768, moz:profile: C:\Users\SNEHAD~1\AppData\L..., moz:shutdownTimeout: 60000, moz:webdriverClick: true, moz:windowless: false, pageLoadStrategy: normal, platformName: windows, proxy: Proxy(), setWindowRect: true, strictFileInteractability: false, timeouts: {implicit: 0, pageLoad: 300000, script: 30000}, unhandledPromptBehavior: dismiss and notify, userAgent: Mozilla/5.0 (Windows NT 10....}&#10;Session ID: 62a5fc7f-da6e-4cfa-a185-aade76ad271c"/>
    <system-out><![CDATA[2026-01-05 21:28:31 [TestNG-PoolService-2] WARN com.listener.MyTestListner::onTestSkipped::66 SKIPPED: user_should_login_excel 
2026-01-05 21:28:31 [TestNG-PoolService-2] WARN com.listener.MyTestListner::onTestSkipped::68 Reason: Expected condition failed: waiting for visibility of element located by By.className: account (tried for 10 second(s) with 500 milliseconds interval)
Build info: version: '4.39.0', revision: '126f156aee'
System info: os.name: 'Windows 11', os.arch: 'amd64', os.version: '10.0', java.version: '11.0.24'
Driver info: org.openqa.selenium.firefox.FirefoxDriver
Capabilities {acceptInsecureCerts: true, browserName: firefox, browserVersion: 146.0.1, moz:accessibilityChecks: false, moz:buildID: 20251217121356, moz:geckodriverVersion: 0.36.0, moz:headless: false, moz:platformVersion: 10.0, moz:processID: 8768, moz:profile: C:\Users\SNEHAD~1\AppData\L..., moz:shutdownTimeout: 60000, moz:webdriverClick: true, moz:windowless: false, pageLoadStrategy: normal, platformName: windows, proxy: Proxy(), setWindowRect: true, strictFileInteractability: false, timeouts: {implicit: 0, pageLoad: 300000, script: 30000}, unhandledPromptBehavior: dismiss and notify, userAgent: Mozilla/5.0 (Windows NT 10....}
Session ID: 62a5fc7f-da6e-4cfa-a185-aade76ad271c 
]]></system-out>
  </testcase>
  <testcase name="user_should_login_excel[User{username=&apos;ciyilok237@naqulu.com&apos;, password=&apos;password123&apos;}, chrome](4)" classname="com.tests.LoginFlowTest" time="9.964">
    <system-out><![CDATA[The environment is :qa
2026-01-05 21:28:40 [TestNG-PoolService-2] INFO com.listener.MyTestListner::onTestStart::20 STARTED: user_should_login_excel 
2026-01-05 21:28:40 [TestNG-PoolService-2] INFO com.listener.MyTestListner::onTestStart::22 Description: verifies the user is able to login 
2026-01-05 21:28:40 [TestNG-PoolService-2] INFO com.listener.MyTestListner::onTestStart::24 Groups: e2e 
2026-01-05 21:28:42 [TestNG-PoolService-3] INFO com.pages.LoginPage::gotoHomePage::39 click on sign in btn 
2026-01-05 21:28:47 [TestNG-PoolService-3] INFO com.pages.LoginPage::gotoHomePage::41 enter username and password 
2026-01-05 21:28:50 [TestNG-PoolService-3] INFO com.listener.MyTestListner::onTestSuccess::29 PASSED: user_should_login_excel 
]]></system-out>
  </testcase>
  <testcase name="user_should_login_excel[User{username=&apos;1ciyilok237@naqulu.com&apos;, password=&apos;password123&apos;}, firefox](5)" classname="com.tests.LoginFlowTest" time="0.0">
    <skipped message="Expected condition failed: waiting for visibility of element located by By.className: account (tried for 10 second(s) with 500 milliseconds interval)&#10;Build info: version: &apos;4.39.0&apos;, revision: &apos;126f156aee&apos;&#10;System info: os.name: &apos;Windows 11&apos;, os.arch: &apos;amd64&apos;, os.version: &apos;10.0&apos;, java.version: &apos;11.0.24&apos;&#10;Driver info: org.openqa.selenium.firefox.FirefoxDriver&#10;Capabilities {acceptInsecureCerts: true, browserName: firefox, browserVersion: 146.0.1, moz:accessibilityChecks: false, moz:buildID: 20251217121356, moz:geckodriverVersion: 0.36.0, moz:headless: false, moz:platformVersion: 10.0, moz:processID: 23300, moz:profile: C:\Users\SNEHAD~1\AppData\L..., moz:shutdownTimeout: 60000, moz:webdriverClick: true, moz:windowless: false, pageLoadStrategy: normal, platformName: windows, proxy: Proxy(), setWindowRect: true, strictFileInteractability: false, timeouts: {implicit: 0, pageLoad: 300000, script: 30000}, unhandledPromptBehavior: dismiss and notify, userAgent: Mozilla/5.0 (Windows NT 10....}&#10;Session ID: 0d952ecf-f996-4131-805d-50727ca20314"/>
    <system-out><![CDATA[2026-01-05 21:28:51 [TestNG-PoolService-2] INFO com.pages.LoginPage::gotoHomePage::39 click on sign in btn 
2026-01-05 21:28:53 [TestNG-PoolService-2] INFO com.pages.LoginPage::gotoHomePage::41 enter username and password 
2026-01-05 21:29:05 [TestNG-PoolService-2] WARN com.listener.MyTestListner::onTestSkipped::66 SKIPPED: user_should_login_excel 
2026-01-05 21:29:05 [TestNG-PoolService-2] WARN com.listener.MyTestListner::onTestSkipped::68 Reason: Expected condition failed: waiting for visibility of element located by By.className: account (tried for 10 second(s) with 500 milliseconds interval)
Build info: version: '4.39.0', revision: '126f156aee'
System info: os.name: 'Windows 11', os.arch: 'amd64', os.version: '10.0', java.version: '11.0.24'
Driver info: org.openqa.selenium.firefox.FirefoxDriver
Capabilities {acceptInsecureCerts: true, browserName: firefox, browserVersion: 146.0.1, moz:accessibilityChecks: false, moz:buildID: 20251217121356, moz:geckodriverVersion: 0.36.0, moz:headless: false, moz:platformVersion: 10.0, moz:processID: 23300, moz:profile: C:\Users\SNEHAD~1\AppData\L..., moz:shutdownTimeout: 60000, moz:webdriverClick: true, moz:windowless: false, pageLoadStrategy: normal, platformName: windows, proxy: Proxy(), setWindowRect: true, strictFileInteractability: false, timeouts: {implicit: 0, pageLoad: 300000, script: 30000}, unhandledPromptBehavior: dismiss and notify, userAgent: Mozilla/5.0 (Windows NT 10....}
Session ID: 0d952ecf-f996-4131-805d-50727ca20314 
]]></system-out>
  </testcase>
  <testcase name="user_should_login_excel[User{username=&apos;1ciyilok237@naqulu.com&apos;, password=&apos;password123&apos;}, firefox](6)" classname="com.tests.LoginFlowTest" time="28.548">
    <failure message="Expected condition failed: waiting for visibility of element located by By.className: account (tried for 10 second(s) with 500 milliseconds interval)&#10;Build info: version: &apos;4.39.0&apos;, revision: &apos;126f156aee&apos;&#10;System info: os.name: &apos;Windows 11&apos;, os.arch: &apos;amd64&apos;, os.version: &apos;10.0&apos;, java.version: &apos;11.0.24&apos;&#10;Driver info: org.openqa.selenium.firefox.FirefoxDriver&#10;Capabilities {acceptInsecureCerts: true, browserName: firefox, browserVersion: 146.0.1, moz:accessibilityChecks: false, moz:buildID: 20251217121356, moz:geckodriverVersion: 0.36.0, moz:headless: false, moz:platformVersion: 10.0, moz:processID: 34960, moz:profile: C:\Users\SNEHAD~1\AppData\L..., moz:shutdownTimeout: 60000, moz:webdriverClick: true, moz:windowless: false, pageLoadStrategy: normal, platformName: windows, proxy: Proxy(), setWindowRect: true, strictFileInteractability: false, timeouts: {implicit: 0, pageLoad: 300000, script: 30000}, unhandledPromptBehavior: dismiss and notify, userAgent: Mozilla/5.0 (Windows NT 10....}&#10;Session ID: e3889d13-c0dd-428e-9117-e9f968f85f18" type="org.openqa.selenium.TimeoutException"><![CDATA[org.openqa.selenium.TimeoutException: 
Expected condition failed: waiting for visibility of element located by By.className: account (tried for 10 second(s) with 500 milliseconds interval)
Build info: version: '4.39.0', revision: '126f156aee'
System info: os.name: 'Windows 11', os.arch: 'amd64', os.version: '10.0', java.version: '11.0.24'
Driver info: org.openqa.selenium.firefox.FirefoxDriver
Capabilities {acceptInsecureCerts: true, browserName: firefox, browserVersion: 146.0.1, moz:accessibilityChecks: false, moz:buildID: 20251217121356, moz:geckodriverVersion: 0.36.0, moz:headless: false, moz:platformVersion: 10.0, moz:processID: 34960, moz:profile: C:\Users\SNEHAD~1\AppData\L..., moz:shutdownTimeout: 60000, moz:webdriverClick: true, moz:windowless: false, pageLoadStrategy: normal, platformName: windows, proxy: Proxy(), setWindowRect: true, strictFileInteractability: false, timeouts: {implicit: 0, pageLoad: 300000, script: 30000}, unhandledPromptBehavior: dismiss and notify, userAgent: Mozilla/5.0 (Windows NT 10....}
Session ID: e3889d13-c0dd-428e-9117-e9f968f85f18
	at org.openqa.selenium.support.ui.WebDriverWait.timeoutException(WebDriverWait.java:84)
	at org.openqa.selenium.support.ui.FluentWait.until(FluentWait.java:228)
	at com.pages.BasePage.waitForvisibility(BasePage.java:33)
	at com.pages.HomePage.getPageTitle(HomePage.java:13)
	at com.tests.LoginFlowTest.user_should_login_excel(LoginFlowTest.java:58)
	at java.base/jdk.internal.reflect.NativeMethodAccessorImpl.invoke0(Native Method)
	at java.base/jdk.internal.reflect.NativeMethodAccessorImpl.invoke(NativeMethodAccessorImpl.java:62)
	at java.base/jdk.internal.reflect.DelegatingMethodAccessorImpl.invoke(DelegatingMethodAccessorImpl.java:43)
	at java.base/java.lang.reflect.Method.invoke(Method.java:566)
	at org.testng.internal.invokers.MethodInvocationHelper.invokeMethod(MethodInvocationHelper.java:141)
	at org.testng.internal.invokers.TestInvoker.invokeMethod(TestInvoker.java:687)
	at org.testng.internal.invokers.TestInvoker.retryFailed(TestInvoker.java:269)
	at org.testng.internal.invokers.TestMethodWithDataProviderMethodWorker.call(TestMethodWithDataProviderMethodWorker.java:105)
	at org.testng.internal.thread.Async$AsyncTask.run(Async.java:34)
	at java.base/java.util.concurrent.ThreadPoolExecutor.runWorker(ThreadPoolExecutor.java:1128)
	at java.base/java.util.concurrent.ThreadPoolExecutor$Worker.run(ThreadPoolExecutor.java:628)
	at java.base/java.lang.Thread.run(Thread.java:829)
]]></failure>
    <system-out><![CDATA[The environment is :qa
2026-01-05 21:29:13 [TestNG-PoolService-2] INFO com.listener.MyTestListner::onTestStart::20 STARTED: user_should_login_excel 
2026-01-05 21:29:13 [TestNG-PoolService-2] INFO com.listener.MyTestListner::onTestStart::22 Description: verifies the user is able to login 
2026-01-05 21:29:13 [TestNG-PoolService-2] INFO com.listener.MyTestListner::onTestStart::24 Groups: e2e 
2026-01-05 21:29:25 [TestNG-PoolService-2] INFO com.pages.LoginPage::gotoHomePage::39 click on sign in btn 
2026-01-05 21:29:27 [TestNG-PoolService-2] INFO com.pages.LoginPage::gotoHomePage::41 enter username and password 
2026-01-05 21:29:39 [TestNG-PoolService-2] ERROR com.listener.MyTestListner::onTestFailure::36 FAILED: user_should_login_excel 
]]></system-out>
  </testcase>
  <testcase name="user_should_login_excel[User{username=&apos;1ciyilok237@naqulu.com&apos;, password=&apos;password123&apos;}, chrome](7)" classname="com.tests.LoginFlowTest" time="0.0">
    <skipped message="java.util.concurrent.TimeoutException&#10;Build info: version: &apos;4.39.0&apos;, revision: &apos;126f156aee&apos;&#10;System info: os.name: &apos;Windows 11&apos;, os.arch: &apos;amd64&apos;, os.version: &apos;10.0&apos;, java.version: &apos;11.0.24&apos;&#10;Driver info: org.openqa.selenium.chrome.ChromeDriver&#10;Command: [1afcae1e7ef3d6f0dd1d1abcc022fc5e, sendKeysToElement {value=[Ljava.lang.CharSequence;@1dab3f56, id=f.DEAEDA2ED309153FE26460D2D81FFBA3.d.4AEFACA70AA0DE8A98C8247C62F1F610.e.34}]&#10;Capabilities {acceptInsecureCerts: false, browserName: chrome, browserVersion: 143.0.7499.170, chrome: {chromedriverVersion: 143.0.7499.169 (164b20aab62..., userDataDir: C:\Users\SNEHAD~1\AppData\L...}, fedcm:accounts: true, goog:chromeOptions: {debuggerAddress: localhost:49829}, goog:processID: 2472, networkConnectionEnabled: false, pageLoadStrategy: normal, platformName: windows, proxy: Proxy(), se:cdp: ws://localhost:49829/devtoo..., se:cdpVersion: 143.0.7499.170, setWindowRect: true, strictFileInteractability: false, timeouts: {implicit: 0, pageLoad: 300000, script: 30000}, unhandledPromptBehavior: dismiss and notify, webauthn:extension:credBlob: true, webauthn:extension:largeBlob: true, webauthn:extension:minPinLength: true, webauthn:extension:prf: true, webauthn:virtualAuthenticators: true}&#10;Element: [[ChromeDriver: chrome on windows (1afcae1e7ef3d6f0dd1d1abcc022fc5e)] -&gt; id: email]"/>
    <system-out><![CDATA[2026-01-05 21:31:19 [TestNG-PoolService-1] WARN com.listener.MyTestListner::onTestSkipped::66 SKIPPED: user_should_login_excel 
2026-01-05 21:31:19 [TestNG-PoolService-1] WARN com.listener.MyTestListner::onTestSkipped::68 Reason: java.util.concurrent.TimeoutException
Build info: version: '4.39.0', revision: '126f156aee'
System info: os.name: 'Windows 11', os.arch: 'amd64', os.version: '10.0', java.version: '11.0.24'
Driver info: org.openqa.selenium.chrome.ChromeDriver
Command: [1afcae1e7ef3d6f0dd1d1abcc022fc5e, sendKeysToElement {value=[Ljava.lang.CharSequence;@1dab3f56, id=f.DEAEDA2ED309153FE26460D2D81FFBA3.d.4AEFACA70AA0DE8A98C8247C62F1F610.e.34}]
Capabilities {acceptInsecureCerts: false, browserName: chrome, browserVersion: 143.0.7499.170, chrome: {chromedriverVersion: 143.0.7499.169 (164b20aab62..., userDataDir: C:\Users\SNEHAD~1\AppData\L...}, fedcm:accounts: true, goog:chromeOptions: {debuggerAddress: localhost:49829}, goog:processID: 2472, networkConnectionEnabled: false, pageLoadStrategy: normal, platformName: windows, proxy: Proxy(), se:cdp: ws://localhost:49829/devtoo..., se:cdpVersion: 143.0.7499.170, setWindowRect: true, strictFileInteractability: false, timeouts: {implicit: 0, pageLoad: 300000, script: 30000}, unhandledPromptBehavior: dismiss and notify, webauthn:extension:credBlob: true, webauthn:extension:largeBlob: true, webauthn:extension:minPinLength: true, webauthn:extension:prf: true, webauthn:virtualAuthenticators: true}
Element: [[ChromeDriver: chrome on windows (1afcae1e7ef3d6f0dd1d1abcc022fc5e)] -> id: email] 
]]></system-out>
  </testcase>
  <testcase name="user_should_login_excel[User{username=&apos;1ciyilok237@naqulu.com&apos;, password=&apos;password123&apos;}, chrome](8)" classname="com.tests.LoginFlowTest" time="0.0">
    <skipped message="Expected condition failed: waiting for visibility of element located by By.className: account (tried for 10 second(s) with 500 milliseconds interval)&#10;Build info: version: &apos;4.39.0&apos;, revision: &apos;126f156aee&apos;&#10;System info: os.name: &apos;Windows 11&apos;, os.arch: &apos;amd64&apos;, os.version: &apos;10.0&apos;, java.version: &apos;11.0.24&apos;&#10;Driver info: org.openqa.selenium.chrome.ChromeDriver&#10;Capabilities {acceptInsecureCerts: false, browserName: chrome, browserVersion: 143.0.7499.170, chrome: {chromedriverVersion: 143.0.7499.169 (164b20aab62..., userDataDir: C:\Users\SNEHAD~1\AppData\L...}, fedcm:accounts: true, goog:chromeOptions: {debuggerAddress: localhost:49878}, goog:processID: 8104, networkConnectionEnabled: false, pageLoadStrategy: normal, platformName: windows, proxy: Proxy(), se:cdp: ws://localhost:49878/devtoo..., se:cdpVersion: 143.0.7499.170, setWindowRect: true, strictFileInteractability: false, timeouts: {implicit: 0, pageLoad: 300000, script: 30000}, unhandledPromptBehavior: dismiss and notify, webauthn:extension:credBlob: true, webauthn:extension:largeBlob: true, webauthn:extension:minPinLength: true, webauthn:extension:prf: true, webauthn:virtualAuthenticators: true}&#10;Session ID: 378da80f639de3be2de23159b05c0194"/>
    <system-out><![CDATA[The environment is :qa
2026-01-05 21:31:21 [TestNG-PoolService-1] INFO com.listener.MyTestListner::onTestStart::20 STARTED: user_should_login_excel 
2026-01-05 21:31:21 [TestNG-PoolService-1] INFO com.listener.MyTestListner::onTestStart::22 Description: verifies the user is able to login 
2026-01-05 21:31:21 [TestNG-PoolService-1] INFO com.listener.MyTestListner::onTestStart::24 Groups: e2e 
2026-01-05 21:31:35 [TestNG-PoolService-1] INFO com.pages.LoginPage::gotoHomePage::39 click on sign in btn 
2026-01-05 21:31:37 [TestNG-PoolService-1] INFO com.pages.LoginPage::gotoHomePage::41 enter username and password 
2026-01-05 21:31:49 [TestNG-PoolService-1] WARN com.listener.MyTestListner::onTestSkipped::66 SKIPPED: user_should_login_excel 
2026-01-05 21:31:49 [TestNG-PoolService-1] WARN com.listener.MyTestListner::onTestSkipped::68 Reason: Expected condition failed: waiting for visibility of element located by By.className: account (tried for 10 second(s) with 500 milliseconds interval)
Build info: version: '4.39.0', revision: '126f156aee'
System info: os.name: 'Windows 11', os.arch: 'amd64', os.version: '10.0', java.version: '11.0.24'
Driver info: org.openqa.selenium.chrome.ChromeDriver
Capabilities {acceptInsecureCerts: false, browserName: chrome, browserVersion: 143.0.7499.170, chrome: {chromedriverVersion: 143.0.7499.169 (164b20aab62..., userDataDir: C:\Users\SNEHAD~1\AppData\L...}, fedcm:accounts: true, goog:chromeOptions: {debuggerAddress: localhost:49878}, goog:processID: 8104, networkConnectionEnabled: false, pageLoadStrategy: normal, platformName: windows, proxy: Proxy(), se:cdp: ws://localhost:49878/devtoo..., se:cdpVersion: 143.0.7499.170, setWindowRect: true, strictFileInteractability: false, timeouts: {implicit: 0, pageLoad: 300000, script: 30000}, unhandledPromptBehavior: dismiss and notify, webauthn:extension:credBlob: true, webauthn:extension:largeBlob: true, webauthn:extension:minPinLength: true, webauthn:extension:prf: true, webauthn:virtualAuthenticators: true}
Session ID: 378da80f639de3be2de23159b05c0194 
]]></system-out>
  </testcase>
  <testcase name="user_should_login_excel[User{username=&apos;1ciyilok237@naqulu.com&apos;, password=&apos;password123&apos;}, chrome](9)" classname="com.tests.LoginFlowTest" time="27.951">
    <failure message="Expected condition failed: waiting for visibility of element located by By.className: account (tried for 10 second(s) with 500 milliseconds interval)&#10;Build info: version: &apos;4.39.0&apos;, revision: &apos;126f156aee&apos;&#10;System info: os.name: &apos;Windows 11&apos;, os.arch: &apos;amd64&apos;, os.version: &apos;10.0&apos;, java.version: &apos;11.0.24&apos;&#10;Driver info: org.openqa.selenium.chrome.ChromeDriver&#10;Capabilities {acceptInsecureCerts: false, browserName: chrome, browserVersion: 143.0.7499.170, chrome: {chromedriverVersion: 143.0.7499.169 (164b20aab62..., userDataDir: C:\Users\SNEHAD~1\AppData\L...}, fedcm:accounts: true, goog:chromeOptions: {debuggerAddress: localhost:59575}, goog:processID: 33716, networkConnectionEnabled: false, pageLoadStrategy: normal, platformName: windows, proxy: Proxy(), se:cdp: ws://localhost:59575/devtoo..., se:cdpVersion: 143.0.7499.170, setWindowRect: true, strictFileInteractability: false, timeouts: {implicit: 0, pageLoad: 300000, script: 30000}, unhandledPromptBehavior: dismiss and notify, webauthn:extension:credBlob: true, webauthn:extension:largeBlob: true, webauthn:extension:minPinLength: true, webauthn:extension:prf: true, webauthn:virtualAuthenticators: true}&#10;Session ID: 79b41c55affbbcb3c0f40af2d8c6a309" type="org.openqa.selenium.TimeoutException"><![CDATA[org.openqa.selenium.TimeoutException: 
Expected condition failed: waiting for visibility of element located by By.className: account (tried for 10 second(s) with 500 milliseconds interval)
Build info: version: '4.39.0', revision: '126f156aee'
System info: os.name: 'Windows 11', os.arch: 'amd64', os.version: '10.0', java.version: '11.0.24'
Driver info: org.openqa.selenium.chrome.ChromeDriver
Capabilities {acceptInsecureCerts: false, browserName: chrome, browserVersion: 143.0.7499.170, chrome: {chromedriverVersion: 143.0.7499.169 (164b20aab62..., userDataDir: C:\Users\SNEHAD~1\AppData\L...}, fedcm:accounts: true, goog:chromeOptions: {debuggerAddress: localhost:59575}, goog:processID: 33716, networkConnectionEnabled: false, pageLoadStrategy: normal, platformName: windows, proxy: Proxy(), se:cdp: ws://localhost:59575/devtoo..., se:cdpVersion: 143.0.7499.170, setWindowRect: true, strictFileInteractability: false, timeouts: {implicit: 0, pageLoad: 300000, script: 30000}, unhandledPromptBehavior: dismiss and notify, webauthn:extension:credBlob: true, webauthn:extension:largeBlob: true, webauthn:extension:minPinLength: true, webauthn:extension:prf: true, webauthn:virtualAuthenticators: true}
Session ID: 79b41c55affbbcb3c0f40af2d8c6a309
	at org.openqa.selenium.support.ui.WebDriverWait.timeoutException(WebDriverWait.java:84)
	at org.openqa.selenium.support.ui.FluentWait.until(FluentWait.java:228)
	at com.pages.BasePage.waitForvisibility(BasePage.java:33)
	at com.pages.HomePage.getPageTitle(HomePage.java:13)
	at com.tests.LoginFlowTest.user_should_login_excel(LoginFlowTest.java:58)
	at java.base/jdk.internal.reflect.NativeMethodAccessorImpl.invoke0(Native Method)
	at java.base/jdk.internal.reflect.NativeMethodAccessorImpl.invoke(NativeMethodAccessorImpl.java:62)
	at java.base/jdk.internal.reflect.DelegatingMethodAccessorImpl.invoke(DelegatingMethodAccessorImpl.java:43)
	at java.base/java.lang.reflect.Method.invoke(Method.java:566)
	at org.testng.internal.invokers.MethodInvocationHelper.invokeMethod(MethodInvocationHelper.java:141)
	at org.testng.internal.invokers.TestInvoker.invokeMethod(TestInvoker.java:687)
	at org.testng.internal.invokers.TestInvoker.retryFailed(TestInvoker.java:269)
	at org.testng.internal.invokers.TestMethodWithDataProviderMethodWorker.call(TestMethodWithDataProviderMethodWorker.java:105)
	at org.testng.internal.thread.Async$AsyncTask.run(Async.java:34)
	at java.base/java.util.concurrent.ThreadPoolExecutor.runWorker(ThreadPoolExecutor.java:1128)
	at java.base/java.util.concurrent.ThreadPoolExecutor$Worker.run(ThreadPoolExecutor.java:628)
	at java.base/java.lang.Thread.run(Thread.java:829)
]]></failure>
    <system-out><![CDATA[The environment is :qa
2026-01-05 21:31:51 [TestNG-PoolService-1] INFO com.listener.MyTestListner::onTestStart::20 STARTED: user_should_login_excel 
2026-01-05 21:31:51 [TestNG-PoolService-1] INFO com.listener.MyTestListner::onTestStart::22 Description: verifies the user is able to login 
2026-01-05 21:31:51 [TestNG-PoolService-1] INFO com.listener.MyTestListner::onTestStart::24 Groups: e2e 
2026-01-05 21:31:55 [TestNG-PoolService-1] INFO com.pages.LoginPage::gotoHomePage::39 click on sign in btn 
2026-01-05 21:32:07 [TestNG-PoolService-1] INFO com.pages.LoginPage::gotoHomePage::41 enter username and password 
2026-01-05 21:32:18 [TestNG-PoolService-1] ERROR com.listener.MyTestListner::onTestFailure::36 FAILED: user_should_login_excel 
]]></system-out>
  </testcase>
</testsuite>