<?xml version="1.0" encoding="UTF-8"?>
<testng-results ignored="0" total="2" passed="1" failed="1" skipped="0">
  <reporter-output>
  </reporter-output>
  <suite started-at="2026-01-08T19:51:41 IST" name="Test Suite" finished-at="2026-01-08T19:55:18 IST" duration-ms="217251">
    <groups>
      <group name="e2e">
        <method signature="LoginFlowTest.user_should_login_excel(org.pojos.User,java.lang.String)[pri:0, instance:com.tests.LoginFlowTest@770d0ea6]" name="user_should_login_excel" class="com.tests.LoginFlowTest"/>
      </group> <!-- e2e -->
    </groups>
    <test started-at="2026-01-08T19:51:41 IST" name="Login Test" finished-at="2026-01-08T19:55:18 IST" duration-ms="217251">
      <class name="com.tests.LoginFlowTest">
        <test-method is-config="true" signature="setUp([Ljava.lang.Object;)[pri:0, instance:com.tests.LoginFlowTest@770d0ea6]" started-at="2026-01-08T19:51:42 IST" name="setUp" finished-at="2026-01-08T19:51:55 IST" duration-ms="12883" status="PASS">
          <params>
            <param index="0">
              <value>
                <![CDATA[[Ljava.lang.Object;@33aa93c]]>
              </value>
            </param>
          </params>
          <reporter-output>
          </reporter-output>
        </test-method> <!-- setUp -->
        <test-method is-config="true" signature="setUp([Ljava.lang.Object;)[pri:0, instance:com.tests.LoginFlowTest@770d0ea6]" started-at="2026-01-08T19:51:42 IST" name="setUp" finished-at="2026-01-08T19:51:55 IST" duration-ms="12883" status="PASS">
          <params>
            <param index="0">
              <value>
                <![CDATA[[Ljava.lang.Object;@32c0915e]]>
              </value>
            </param>
          </params>
          <reporter-output>
          </reporter-output>
        </test-method> <!-- setUp -->
        <test-method signature="user_should_login_excel(org.pojos.User,java.lang.String)[pri:0, instance:com.tests.LoginFlowTest@770d0ea6]" started-at="2026-01-08T19:51:55 IST" name="user_should_login_excel" description="verifies the user is able to login" data-provider="LoginExcelWithBrowser" finished-at="2026-01-08T19:52:17 IST" duration-ms="21847" status="PASS">
          <params>
            <param index="0">
              <value>
                <![CDATA[User{username='1ciyilok237@naqulu.com', password='password123'}]]>
              </value>
            </param>
            <param index="1">
              <value>
                <![CDATA[chrome]]>
              </value>
            </param>
          </params>
          <reporter-output>
          </reporter-output>
        </test-method> <!-- user_should_login_excel -->
        <test-method signature="user_should_login_excel(org.pojos.User,java.lang.String)[pri:0, instance:com.tests.LoginFlowTest@770d0ea6]" started-at="2026-01-08T19:51:55 IST" name="user_should_login_excel" description="verifies the user is able to login" data-provider="LoginExcelWithBrowser" finished-at="2026-01-08T19:55:17 IST" duration-ms="202246" status="FAIL">
          <params>
            <param index="0">
              <value>
                <![CDATA[User{username='ciyilok237@naqulu.com', password='password123'}]]>
              </value>
            </param>
            <param index="1">
              <value>
                <![CDATA[chrome]]>
              </value>
            </param>
          </params>
          <exception class="org.openqa.selenium.TimeoutException">
            <message>
              <![CDATA[java.util.concurrent.TimeoutException
Build info: version: '4.39.0', revision: '126f156aee'
System info: os.name: 'Windows 11', os.arch: 'amd64', os.version: '10.0', java.version: '11.0.24'
Driver info: org.openqa.selenium.chrome.ChromeDriver
Command: [d6250b9d161065a22707c205617bccf3, findElement {using=xpath, value=.//div[contains(@class,'alert-danger')]}]
Capabilities {acceptInsecureCerts: false, browserName: chrome, browserVersion: 143.0.7499.170, chrome: {chromedriverVersion: 143.0.7499.192 (be2c1f4fd45..., userDataDir: C:\Users\SNEHAD~1\AppData\L...}, fedcm:accounts: true, goog:chromeOptions: {debuggerAddress: localhost:55074}, goog:processID: 21088, networkConnectionEnabled: false, pageLoadStrategy: normal, platformName: windows, proxy: Proxy(), se:cdp: ws://localhost:55074/devtoo..., se:cdpVersion: 143.0.7499.170, setWindowRect: true, strictFileInteractability: false, timeouts: {implicit: 0, pageLoad: 300000, script: 30000}, unhandledPromptBehavior: dismiss and notify, webauthn:extension:credBlob: true, webauthn:extension:largeBlob: true, webauthn:extension:minPinLength: true, webauthn:extension:prf: true, webauthn:virtualAuthenticators: true}]]>
            </message>
            <full-stacktrace>
              <![CDATA[org.openqa.selenium.TimeoutException: java.util.concurrent.TimeoutException
Build info: version: '4.39.0', revision: '126f156aee'
System info: os.name: 'Windows 11', os.arch: 'amd64', os.version: '10.0', java.version: '11.0.24'
Driver info: org.openqa.selenium.chrome.ChromeDriver
Command: [d6250b9d161065a22707c205617bccf3, findElement {using=xpath, value=.//div[contains(@class,'alert-danger')]}]
Capabilities {acceptInsecureCerts: false, browserName: chrome, browserVersion: 143.0.7499.170, chrome: {chromedriverVersion: 143.0.7499.192 (be2c1f4fd45..., userDataDir: C:\Users\SNEHAD~1\AppData\L...}, fedcm:accounts: true, goog:chromeOptions: {debuggerAddress: localhost:55074}, goog:processID: 21088, networkConnectionEnabled: false, pageLoadStrategy: normal, platformName: windows, proxy: Proxy(), se:cdp: ws://localhost:55074/devtoo..., se:cdpVersion: 143.0.7499.170, setWindowRect: true, strictFileInteractability: false, timeouts: {implicit: 0, pageLoad: 300000, script: 30000}, unhandledPromptBehavior: dismiss and notify, webauthn:extension:credBlob: true, webauthn:extension:largeBlob: true, webauthn:extension:minPinLength: true, webauthn:extension:prf: true, webauthn:virtualAuthenticators: true}
at org.openqa.selenium.remote.http.jdk.JdkHttpClient.execute(JdkHttpClient.java:428)
at org.openqa.selenium.remote.HttpCommandExecutor.execute(HttpCommandExecutor.java:212)
at org.openqa.selenium.remote.service.DriverCommandExecutor.invokeExecute(DriverCommandExecutor.java:216)
at org.openqa.selenium.remote.service.DriverCommandExecutor.execute(DriverCommandExecutor.java:174)
at org.openqa.selenium.remote.RemoteWebDriver.execute(RemoteWebDriver.java:561)
at org.openqa.selenium.remote.ElementLocation$ElementFinder$2.findElement(ElementLocation.java:166)
at org.openqa.selenium.remote.ElementLocation.findElement(ElementLocation.java:60)
at org.openqa.selenium.remote.RemoteWebDriver.findElement(RemoteWebDriver.java:384)
at org.openqa.selenium.remote.RemoteWebDriver.findElement(RemoteWebDriver.java:378)
at org.openqa.selenium.support.ui.ExpectedConditions$7.apply(ExpectedConditions.java:198)
at org.openqa.selenium.support.ui.ExpectedConditions$7.apply(ExpectedConditions.java:194)
at org.openqa.selenium.support.ui.FluentWait.until(FluentWait.java:203)
at com.pages.BasePage.getTextMsg(BasePage.java:37)
at com.pages.LoginPage.authenticationMsg(LoginPage.java:54)
at com.tests.LoginFlowTest.user_should_login_excel(LoginFlowTest.java:59)
at java.base/jdk.internal.reflect.NativeMethodAccessorImpl.invoke0(Native Method)
at java.base/jdk.internal.reflect.NativeMethodAccessorImpl.invoke(NativeMethodAccessorImpl.java:62)
at java.base/jdk.internal.reflect.DelegatingMethodAccessorImpl.invoke(DelegatingMethodAccessorImpl.java:43)
at java.base/java.lang.reflect.Method.invoke(Method.java:566)
at org.testng.internal.invokers.MethodInvocationHelper.invokeMethod(MethodInvocationHelper.java:141)
at org.testng.internal.invokers.TestInvoker.invokeMethod(TestInvoker.java:687)
at org.testng.internal.invokers.TestInvoker.invokeTestMethod(TestInvoker.java:230)
at org.testng.internal.invokers.TestMethodWithDataProviderMethodWorker.call(TestMethodWithDataProviderMethodWorker.java:81)
at org.testng.internal.thread.Async$AsyncTask.run(Async.java:34)
at java.base/java.util.concurrent.ThreadPoolExecutor.runWorker(ThreadPoolExecutor.java:1128)
at java.base/java.util.concurrent.ThreadPoolExecutor$Worker.run(ThreadPoolExecutor.java:628)
at java.base/java.lang.Thread.run(Thread.java:829)
Caused by: java.util.concurrent.TimeoutException
at java.base/java.util.concurrent.CompletableFuture$Timeout.run(CompletableFuture.java:2798)
at java.base/java.util.concurrent.Executors$RunnableAdapter.call(Executors.java:515)
at java.base/java.util.concurrent.FutureTask.run(FutureTask.java:264)
at java.base/java.util.concurrent.ScheduledThreadPoolExecutor$ScheduledFutureTask.run(ScheduledThreadPoolExecutor.java:304)
... 3 more
]]>
            </full-stacktrace>
          </exception> <!-- org.openqa.selenium.TimeoutException -->
          <reporter-output>
          </reporter-output>
        </test-method> <!-- user_should_login_excel -->
        <test-method is-config="true" signature="tearDown()[pri:0, instance:com.tests.LoginFlowTest@770d0ea6]" started-at="2026-01-08T19:52:17 IST" name="tearDown" finished-at="2026-01-08T19:52:17 IST" duration-ms="1" status="PASS">
          <reporter-output>
          </reporter-output>
        </test-method> <!-- tearDown -->
        <test-method is-config="true" signature="tearDown()[pri:0, instance:com.tests.LoginFlowTest@770d0ea6]" started-at="2026-01-08T19:55:18 IST" name="tearDown" finished-at="2026-01-08T19:55:18 IST" duration-ms="1" status="PASS">
          <reporter-output>
          </reporter-output>
        </test-method> <!-- tearDown -->
      </class> <!-- com.tests.LoginFlowTest -->
    </test> <!-- Login Test -->
  </suite> <!-- Test Suite -->
</testng-results>
