<?xml version="1.0" encoding="UTF-8"?>
<testng-results retried="4" ignored="0" total="8" passed="2" failed="2" skipped="0">
  <reporter-output>
  </reporter-output>
  <suite started-at="2026-01-06T17:39:57 IST" name="Test Suite" finished-at="2026-01-06T17:42:53 IST" duration-ms="176058">
    <groups>
      <group name="e2e">
        <method signature="LoginFlowTest.user_should_login_excel(org.pojos.User,java.lang.String)[pri:0, instance:com.tests.LoginFlowTest@770d0ea6]" name="user_should_login_excel" class="com.tests.LoginFlowTest"/>
      </group> <!-- e2e -->
    </groups>
    <test started-at="2026-01-06T17:39:57 IST" name="Login Test" finished-at="2026-01-06T17:42:53 IST" duration-ms="176058">
      <class name="com.tests.LoginFlowTest">
        <test-method is-config="true" signature="setUp([Ljava.lang.Object;)[pri:0, instance:com.tests.LoginFlowTest@770d0ea6]" started-at="2026-01-06T17:39:58 IST" name="setUp" finished-at="2026-01-06T17:41:21 IST" duration-ms="82979" status="PASS">
          <params>
            <param index="0">
              <value>
                <![CDATA[[Ljava.lang.Object;@27a0a5a2]]>
              </value>
            </param>
          </params>
          <reporter-output>
          </reporter-output>
        </test-method> <!-- setUp -->
        <test-method is-config="true" signature="setUp([Ljava.lang.Object;)[pri:0, instance:com.tests.LoginFlowTest@770d0ea6]" started-at="2026-01-06T17:39:58 IST" name="setUp" finished-at="2026-01-06T17:40:23 IST" duration-ms="24663" status="PASS">
          <params>
            <param index="0">
              <value>
                <![CDATA[[Ljava.lang.Object;@7692cd34]]>
              </value>
            </param>
          </params>
          <reporter-output>
          </reporter-output>
        </test-method> <!-- setUp -->
        <test-method is-config="true" signature="setUp([Ljava.lang.Object;)[pri:0, instance:com.tests.LoginFlowTest@770d0ea6]" started-at="2026-01-06T17:39:58 IST" name="setUp" finished-at="2026-01-06T17:41:01 IST" duration-ms="62994" status="PASS">
          <params>
            <param index="0">
              <value>
                <![CDATA[[Ljava.lang.Object;@33aa93c]]>
              </value>
            </param>
          </params>
          <reporter-output>
          </reporter-output>
        </test-method> <!-- setUp -->
        <test-method is-config="true" signature="setUp([Ljava.lang.Object;)[pri:0, instance:com.tests.LoginFlowTest@770d0ea6]" started-at="2026-01-06T17:39:58 IST" name="setUp" finished-at="2026-01-06T17:40:16 IST" duration-ms="18218" status="PASS">
          <params>
            <param index="0">
              <value>
                <![CDATA[[Ljava.lang.Object;@32c0915e]]>
              </value>
            </param>
          </params>
          <reporter-output>
          </reporter-output>
        </test-method> <!-- setUp -->
        <test-method retried="true" signature="user_should_login_excel(org.pojos.User,java.lang.String)[pri:0, instance:com.tests.LoginFlowTest@770d0ea6]" started-at="2026-01-06T17:40:16 IST" name="user_should_login_excel" description="verifies the user is able to login" data-provider="LoginExcelWithBrowser" finished-at="2026-01-06T17:40:33 IST" duration-ms="16364" status="SKIP">
          <params>
            <param index="0">
              <value>
                <![CDATA[User{username='1ciyilok237@naqulu.com', password='password123'}]]>
              </value>
            </param>
            <param index="1">
              <value>
                <![CDATA[firefox]]>
              </value>
            </param>
          </params>
          <exception class="org.openqa.selenium.TimeoutException">
            <message>
              <![CDATA[Expected condition failed: waiting for visibility of element located by By.className: account (tried for 10 second(s) with 500 milliseconds interval)
Build info: version: '4.39.0', revision: '126f156aee'
System info: os.name: 'Windows 11', os.arch: 'amd64', os.version: '10.0', java.version: '11.0.24'
Driver info: org.openqa.selenium.remote.RemoteWebDriver
Capabilities {acceptInsecureCerts: true, browserName: firefox, browserVersion: 117.0, moz:accessibilityChecks: false, moz:buildID: 20230824132758, moz:geckodriverVersion: 0.35.0, moz:headless: false, moz:platformVersion: 10.0, moz:processID: 4876, moz:profile: C:\Users\ltuser\AppData\Loc..., moz:shutdownTimeout: 60000, moz:webdriverClick: true, moz:windowless: false, pageLoadStrategy: normal, platformName: windows, proxy: Proxy(), setWindowRect: true, strictFileInteractability: false, timeouts: {implicit: 0, pageLoad: 300000, script: 30000}, unhandledPromptBehavior: dismiss and notify}
Session ID: 2081cc4d-1a93-4ce2-a347-34da7e8efa56]]>
            </message>
            <full-stacktrace>
              <![CDATA[org.openqa.selenium.TimeoutException: Expected condition failed: waiting for visibility of element located by By.className: account (tried for 10 second(s) with 500 milliseconds interval)
Build info: version: '4.39.0', revision: '126f156aee'
System info: os.name: 'Windows 11', os.arch: 'amd64', os.version: '10.0', java.version: '11.0.24'
Driver info: org.openqa.selenium.remote.RemoteWebDriver
Capabilities {acceptInsecureCerts: true, browserName: firefox, browserVersion: 117.0, moz:accessibilityChecks: false, moz:buildID: 20230824132758, moz:geckodriverVersion: 0.35.0, moz:headless: false, moz:platformVersion: 10.0, moz:processID: 4876, moz:profile: C:\Users\ltuser\AppData\Loc..., moz:shutdownTimeout: 60000, moz:webdriverClick: true, moz:windowless: false, pageLoadStrategy: normal, platformName: windows, proxy: Proxy(), setWindowRect: true, strictFileInteractability: false, timeouts: {implicit: 0, pageLoad: 300000, script: 30000}, unhandledPromptBehavior: dismiss and notify}
Session ID: 2081cc4d-1a93-4ce2-a347-34da7e8efa56
at org.openqa.selenium.support.ui.WebDriverWait.timeoutException(WebDriverWait.java:84)
at org.openqa.selenium.support.ui.FluentWait.until(FluentWait.java:228)
at com.pages.BasePage.waitForvisibility(BasePage.java:33)
at com.pages.HomePage.getPageTitle(HomePage.java:13)
at com.tests.LoginFlowTest.user_should_login_excel(LoginFlowTest.java:58)
at java.base/jdk.internal.reflect.NativeMethodAccessorImpl.invoke0(Native Method)
at java.base/jdk.internal.reflect.NativeMethodAccessorImpl.invoke(NativeMethodAccessorImpl.java:62)
at java.base/jdk.internal.reflect.DelegatingMethodAccessorImpl.invoke(DelegatingMethodAccessorImpl.java:43)
at java.base/java.lang.reflect.Method.invoke(Method.java:566)
at org.testng.internal.invokers.MethodInvocationHelper.invokeMethod(MethodInvocationHelper.java:141)
at org.testng.internal.invokers.TestInvoker.invokeMethod(TestInvoker.java:687)
at org.testng.internal.invokers.TestInvoker.invokeTestMethod(TestInvoker.java:230)
at org.testng.internal.invokers.TestMethodWithDataProviderMethodWorker.call(TestMethodWithDataProviderMethodWorker.java:81)
at org.testng.internal.thread.Async$AsyncTask.run(Async.java:34)
at java.base/java.util.concurrent.ThreadPoolExecutor.runWorker(ThreadPoolExecutor.java:1128)
at java.base/java.util.concurrent.ThreadPoolExecutor$Worker.run(ThreadPoolExecutor.java:628)
at java.base/java.lang.Thread.run(Thread.java:829)
]]>
            </full-stacktrace>
          </exception> <!-- org.openqa.selenium.TimeoutException -->
          <reporter-output>
          </reporter-output>
        </test-method> <!-- user_should_login_excel -->
        <test-method signature="user_should_login_excel(org.pojos.User,java.lang.String)[pri:0, instance:com.tests.LoginFlowTest@770d0ea6]" started-at="2026-01-06T17:40:23 IST" name="user_should_login_excel" description="verifies the user is able to login" data-provider="LoginExcelWithBrowser" finished-at="2026-01-06T17:40:30 IST" duration-ms="7749" status="PASS">
          <params>
            <param index="0">
              <value>
                <![CDATA[User{username='ciyilok237@naqulu.com', password='password123'}]]>
              </value>
            </param>
            <param index="1">
              <value>
                <![CDATA[chrome]]>
              </value>
            </param>
          </params>
          <reporter-output>
          </reporter-output>
        </test-method> <!-- user_should_login_excel -->
        <test-method is-config="true" signature="tearDown()[pri:0, instance:com.tests.LoginFlowTest@770d0ea6]" started-at="2026-01-06T17:40:31 IST" name="tearDown" finished-at="2026-01-06T17:40:31 IST" duration-ms="3" status="PASS">
          <reporter-output>
          </reporter-output>
        </test-method> <!-- tearDown -->
        <test-method is-config="true" signature="tearDown()[pri:0, instance:com.tests.LoginFlowTest@770d0ea6]" started-at="2026-01-06T17:40:34 IST" name="tearDown" finished-at="2026-01-06T17:40:34 IST" duration-ms="0" status="PASS">
          <reporter-output>
          </reporter-output>
        </test-method> <!-- tearDown -->
        <test-method is-config="true" signature="setUp([Ljava.lang.Object;)[pri:0, instance:com.tests.LoginFlowTest@770d0ea6]" started-at="2026-01-06T17:40:34 IST" name="setUp" finished-at="2026-01-06T17:40:47 IST" duration-ms="13212" status="PASS">
          <params>
            <param index="0">
              <value>
                <![CDATA[[Ljava.lang.Object;@32c0915e]]>
              </value>
            </param>
          </params>
          <reporter-output>
          </reporter-output>
        </test-method> <!-- setUp -->
        <test-method retried="true" signature="user_should_login_excel(org.pojos.User,java.lang.String)[pri:0, instance:com.tests.LoginFlowTest@770d0ea6]" started-at="2026-01-06T17:40:47 IST" name="user_should_login_excel" description="verifies the user is able to login" data-provider="LoginExcelWithBrowser" finished-at="2026-01-06T17:41:05 IST" duration-ms="17474" status="SKIP">
          <params>
            <param index="0">
              <value>
                <![CDATA[User{username='1ciyilok237@naqulu.com', password='password123'}]]>
              </value>
            </param>
            <param index="1">
              <value>
                <![CDATA[firefox]]>
              </value>
            </param>
          </params>
          <exception class="org.openqa.selenium.TimeoutException">
            <message>
              <![CDATA[Expected condition failed: waiting for visibility of element located by By.className: account (tried for 10 second(s) with 500 milliseconds interval)
Build info: version: '4.39.0', revision: '126f156aee'
System info: os.name: 'Windows 11', os.arch: 'amd64', os.version: '10.0', java.version: '11.0.24'
Driver info: org.openqa.selenium.remote.RemoteWebDriver
Capabilities {acceptInsecureCerts: true, browserName: firefox, browserVersion: 117.0, moz:accessibilityChecks: false, moz:buildID: 20230824132758, moz:geckodriverVersion: 0.35.0, moz:headless: false, moz:platformVersion: 10.0, moz:processID: 2888, moz:profile: C:\Users\ltuser\AppData\Loc..., moz:shutdownTimeout: 60000, moz:webdriverClick: true, moz:windowless: false, pageLoadStrategy: normal, platformName: windows, proxy: Proxy(), setWindowRect: true, strictFileInteractability: false, timeouts: {implicit: 0, pageLoad: 300000, script: 30000}, unhandledPromptBehavior: dismiss and notify}
Session ID: c61cc88d-6bad-40f9-846c-18896d5e1ddd]]>
            </message>
            <full-stacktrace>
              <![CDATA[org.openqa.selenium.TimeoutException: Expected condition failed: waiting for visibility of element located by By.className: account (tried for 10 second(s) with 500 milliseconds interval)
Build info: version: '4.39.0', revision: '126f156aee'
System info: os.name: 'Windows 11', os.arch: 'amd64', os.version: '10.0', java.version: '11.0.24'
Driver info: org.openqa.selenium.remote.RemoteWebDriver
Capabilities {acceptInsecureCerts: true, browserName: firefox, browserVersion: 117.0, moz:accessibilityChecks: false, moz:buildID: 20230824132758, moz:geckodriverVersion: 0.35.0, moz:headless: false, moz:platformVersion: 10.0, moz:processID: 2888, moz:profile: C:\Users\ltuser\AppData\Loc..., moz:shutdownTimeout: 60000, moz:webdriverClick: true, moz:windowless: false, pageLoadStrategy: normal, platformName: windows, proxy: Proxy(), setWindowRect: true, strictFileInteractability: false, timeouts: {implicit: 0, pageLoad: 300000, script: 30000}, unhandledPromptBehavior: dismiss and notify}
Session ID: c61cc88d-6bad-40f9-846c-18896d5e1ddd
at org.openqa.selenium.support.ui.WebDriverWait.timeoutException(WebDriverWait.java:84)
at org.openqa.selenium.support.ui.FluentWait.until(FluentWait.java:228)
at com.pages.BasePage.waitForvisibility(BasePage.java:33)
at com.pages.HomePage.getPageTitle(HomePage.java:13)
at com.tests.LoginFlowTest.user_should_login_excel(LoginFlowTest.java:58)
at java.base/jdk.internal.reflect.NativeMethodAccessorImpl.invoke0(Native Method)
at java.base/jdk.internal.reflect.NativeMethodAccessorImpl.invoke(NativeMethodAccessorImpl.java:62)
at java.base/jdk.internal.reflect.DelegatingMethodAccessorImpl.invoke(DelegatingMethodAccessorImpl.java:43)
at java.base/java.lang.reflect.Method.invoke(Method.java:566)
at org.testng.internal.invokers.MethodInvocationHelper.invokeMethod(MethodInvocationHelper.java:141)
at org.testng.internal.invokers.TestInvoker.invokeMethod(TestInvoker.java:687)
at org.testng.internal.invokers.TestInvoker.retryFailed(TestInvoker.java:269)
at org.testng.internal.invokers.TestMethodWithDataProviderMethodWorker.call(TestMethodWithDataProviderMethodWorker.java:105)
at org.testng.internal.thread.Async$AsyncTask.run(Async.java:34)
at java.base/java.util.concurrent.ThreadPoolExecutor.runWorker(ThreadPoolExecutor.java:1128)
at java.base/java.util.concurrent.ThreadPoolExecutor$Worker.run(ThreadPoolExecutor.java:628)
at java.base/java.lang.Thread.run(Thread.java:829)
]]>
            </full-stacktrace>
          </exception> <!-- org.openqa.selenium.TimeoutException -->
          <reporter-output>
          </reporter-output>
        </test-method> <!-- user_should_login_excel -->
        <test-method retried="true" signature="user_should_login_excel(org.pojos.User,java.lang.String)[pri:0, instance:com.tests.LoginFlowTest@770d0ea6]" started-at="2026-01-06T17:41:01 IST" name="user_should_login_excel" description="verifies the user is able to login" data-provider="LoginExcelWithBrowser" finished-at="2026-01-06T17:41:19 IST" duration-ms="17608" status="SKIP">
          <params>
            <param index="0">
              <value>
                <![CDATA[User{username='1ciyilok237@naqulu.com', password='password123'}]]>
              </value>
            </param>
            <param index="1">
              <value>
                <![CDATA[chrome]]>
              </value>
            </param>
          </params>
          <exception class="org.openqa.selenium.TimeoutException">
            <message>
              <![CDATA[Expected condition failed: waiting for visibility of element located by By.className: account (tried for 10 second(s) with 500 milliseconds interval)
Build info: version: '4.39.0', revision: '126f156aee'
System info: os.name: 'Windows 11', os.arch: 'amd64', os.version: '10.0', java.version: '11.0.24'
Driver info: org.openqa.selenium.remote.RemoteWebDriver
Capabilities {acceptInsecureCerts: false, browserName: chrome, browserVersion: 117.0.5938.63, chrome: {chromedriverVersion: 117.0.5938.22 (23382a5a87b8..., userDataDir: C:\Windows\SystemTemp\scope...}, fedcm:accounts: true, goog:chromeOptions: {debuggerAddress: localhost:9225}, networkConnectionEnabled: false, pageLoadStrategy: normal, platformName: windows, proxy: Proxy(), setWindowRect: true, strictFileInteractability: false, timeouts: {implicit: 0, pageLoad: 300000, script: 30000}, unhandledPromptBehavior: dismiss and notify, webauthn:extension:credBlob: true, webauthn:extension:largeBlob: true, webauthn:extension:minPinLength: true, webauthn:extension:prf: true, webauthn:virtualAuthenticators: true}
Session ID: 5ab72500aef01772bb6543db2b931a19]]>
            </message>
            <full-stacktrace>
              <![CDATA[org.openqa.selenium.TimeoutException: Expected condition failed: waiting for visibility of element located by By.className: account (tried for 10 second(s) with 500 milliseconds interval)
Build info: version: '4.39.0', revision: '126f156aee'
System info: os.name: 'Windows 11', os.arch: 'amd64', os.version: '10.0', java.version: '11.0.24'
Driver info: org.openqa.selenium.remote.RemoteWebDriver
Capabilities {acceptInsecureCerts: false, browserName: chrome, browserVersion: 117.0.5938.63, chrome: {chromedriverVersion: 117.0.5938.22 (23382a5a87b8..., userDataDir: C:\Windows\SystemTemp\scope...}, fedcm:accounts: true, goog:chromeOptions: {debuggerAddress: localhost:9225}, networkConnectionEnabled: false, pageLoadStrategy: normal, platformName: windows, proxy: Proxy(), setWindowRect: true, strictFileInteractability: false, timeouts: {implicit: 0, pageLoad: 300000, script: 30000}, unhandledPromptBehavior: dismiss and notify, webauthn:extension:credBlob: true, webauthn:extension:largeBlob: true, webauthn:extension:minPinLength: true, webauthn:extension:prf: true, webauthn:virtualAuthenticators: true}
Session ID: 5ab72500aef01772bb6543db2b931a19
at org.openqa.selenium.support.ui.WebDriverWait.timeoutException(WebDriverWait.java:84)
at org.openqa.selenium.support.ui.FluentWait.until(FluentWait.java:228)
at com.pages.BasePage.waitForvisibility(BasePage.java:33)
at com.pages.HomePage.getPageTitle(HomePage.java:13)
at com.tests.LoginFlowTest.user_should_login_excel(LoginFlowTest.java:58)
at java.base/jdk.internal.reflect.NativeMethodAccessorImpl.invoke0(Native Method)
at java.base/jdk.internal.reflect.NativeMethodAccessorImpl.invoke(NativeMethodAccessorImpl.java:62)
at java.base/jdk.internal.reflect.DelegatingMethodAccessorImpl.invoke(DelegatingMethodAccessorImpl.java:43)
at java.base/java.lang.reflect.Method.invoke(Method.java:566)
at org.testng.internal.invokers.MethodInvocationHelper.invokeMethod(MethodInvocationHelper.java:141)
at org.testng.internal.invokers.TestInvoker.invokeMethod(TestInvoker.java:687)
at org.testng.internal.invokers.TestInvoker.invokeTestMethod(TestInvoker.java:230)
at org.testng.internal.invokers.TestMethodWithDataProviderMethodWorker.call(TestMethodWithDataProviderMethodWorker.java:81)
at org.testng.internal.thread.Async$AsyncTask.run(Async.java:34)
at java.base/java.util.concurrent.ThreadPoolExecutor.runWorker(ThreadPoolExecutor.java:1128)
at java.base/java.util.concurrent.ThreadPoolExecutor$Worker.run(ThreadPoolExecutor.java:628)
at java.base/java.lang.Thread.run(Thread.java:829)
]]>
            </full-stacktrace>
          </exception> <!-- org.openqa.selenium.TimeoutException -->
          <reporter-output>
          </reporter-output>
        </test-method> <!-- user_should_login_excel -->
        <test-method is-config="true" signature="tearDown()[pri:0, instance:com.tests.LoginFlowTest@770d0ea6]" started-at="2026-01-06T17:41:06 IST" name="tearDown" finished-at="2026-01-06T17:41:06 IST" duration-ms="2" status="PASS">
          <reporter-output>
          </reporter-output>
        </test-method> <!-- tearDown -->
        <test-method is-config="true" signature="setUp([Ljava.lang.Object;)[pri:0, instance:com.tests.LoginFlowTest@770d0ea6]" started-at="2026-01-06T17:41:06 IST" name="setUp" finished-at="2026-01-06T17:41:38 IST" duration-ms="32417" status="PASS">
          <params>
            <param index="0">
              <value>
                <![CDATA[[Ljava.lang.Object;@32c0915e]]>
              </value>
            </param>
          </params>
          <reporter-output>
          </reporter-output>
        </test-method> <!-- setUp -->
        <test-method is-config="true" signature="tearDown()[pri:0, instance:com.tests.LoginFlowTest@770d0ea6]" started-at="2026-01-06T17:41:19 IST" name="tearDown" finished-at="2026-01-06T17:41:19 IST" duration-ms="15" status="PASS">
          <reporter-output>
          </reporter-output>
        </test-method> <!-- tearDown -->
        <test-method is-config="true" signature="setUp([Ljava.lang.Object;)[pri:0, instance:com.tests.LoginFlowTest@770d0ea6]" started-at="2026-01-06T17:41:19 IST" name="setUp" finished-at="2026-01-06T17:41:48 IST" duration-ms="28912" status="PASS">
          <params>
            <param index="0">
              <value>
                <![CDATA[[Ljava.lang.Object;@33aa93c]]>
              </value>
            </param>
          </params>
          <reporter-output>
          </reporter-output>
        </test-method> <!-- setUp -->
        <test-method signature="user_should_login_excel(org.pojos.User,java.lang.String)[pri:0, instance:com.tests.LoginFlowTest@770d0ea6]" started-at="2026-01-06T17:41:21 IST" name="user_should_login_excel" description="verifies the user is able to login" data-provider="LoginExcelWithBrowser" finished-at="2026-01-06T17:41:27 IST" duration-ms="6321" status="PASS">
          <params>
            <param index="0">
              <value>
                <![CDATA[User{username='ciyilok237@naqulu.com', password='password123'}]]>
              </value>
            </param>
            <param index="1">
              <value>
                <![CDATA[firefox]]>
              </value>
            </param>
          </params>
          <reporter-output>
          </reporter-output>
        </test-method> <!-- user_should_login_excel -->
        <test-method is-config="true" signature="tearDown()[pri:0, instance:com.tests.LoginFlowTest@770d0ea6]" started-at="2026-01-06T17:41:28 IST" name="tearDown" finished-at="2026-01-06T17:41:28 IST" duration-ms="9" status="PASS">
          <reporter-output>
          </reporter-output>
        </test-method> <!-- tearDown -->
        <test-method signature="user_should_login_excel(org.pojos.User,java.lang.String)[pri:0, instance:com.tests.LoginFlowTest@770d0ea6]" started-at="2026-01-06T17:41:38 IST" name="user_should_login_excel" description="verifies the user is able to login" data-provider="LoginExcelWithBrowser" finished-at="2026-01-06T17:41:55 IST" duration-ms="17333" status="FAIL">
          <params>
            <param index="0">
              <value>
                <![CDATA[User{username='1ciyilok237@naqulu.com', password='password123'}]]>
              </value>
            </param>
            <param index="1">
              <value>
                <![CDATA[firefox]]>
              </value>
            </param>
          </params>
          <exception class="org.openqa.selenium.TimeoutException">
            <message>
              <![CDATA[Expected condition failed: waiting for visibility of element located by By.className: account (tried for 10 second(s) with 500 milliseconds interval)
Build info: version: '4.39.0', revision: '126f156aee'
System info: os.name: 'Windows 11', os.arch: 'amd64', os.version: '10.0', java.version: '11.0.24'
Driver info: org.openqa.selenium.remote.RemoteWebDriver
Capabilities {acceptInsecureCerts: true, browserName: firefox, browserVersion: 117.0, moz:accessibilityChecks: false, moz:buildID: 20230824132758, moz:geckodriverVersion: 0.35.0, moz:headless: false, moz:platformVersion: 10.0, moz:processID: 9876, moz:profile: C:\Users\ltuser\AppData\Loc..., moz:shutdownTimeout: 60000, moz:webdriverClick: true, moz:windowless: false, pageLoadStrategy: normal, platformName: windows, proxy: Proxy(), setWindowRect: true, strictFileInteractability: false, timeouts: {implicit: 0, pageLoad: 300000, script: 30000}, unhandledPromptBehavior: dismiss and notify}
Session ID: ecf76cb1-e270-4b8b-90e4-d99912d7d334]]>
            </message>
            <full-stacktrace>
              <![CDATA[org.openqa.selenium.TimeoutException: Expected condition failed: waiting for visibility of element located by By.className: account (tried for 10 second(s) with 500 milliseconds interval)
Build info: version: '4.39.0', revision: '126f156aee'
System info: os.name: 'Windows 11', os.arch: 'amd64', os.version: '10.0', java.version: '11.0.24'
Driver info: org.openqa.selenium.remote.RemoteWebDriver
Capabilities {acceptInsecureCerts: true, browserName: firefox, browserVersion: 117.0, moz:accessibilityChecks: false, moz:buildID: 20230824132758, moz:geckodriverVersion: 0.35.0, moz:headless: false, moz:platformVersion: 10.0, moz:processID: 9876, moz:profile: C:\Users\ltuser\AppData\Loc..., moz:shutdownTimeout: 60000, moz:webdriverClick: true, moz:windowless: false, pageLoadStrategy: normal, platformName: windows, proxy: Proxy(), setWindowRect: true, strictFileInteractability: false, timeouts: {implicit: 0, pageLoad: 300000, script: 30000}, unhandledPromptBehavior: dismiss and notify}
Session ID: ecf76cb1-e270-4b8b-90e4-d99912d7d334
at org.openqa.selenium.support.ui.WebDriverWait.timeoutException(WebDriverWait.java:84)
at org.openqa.selenium.support.ui.FluentWait.until(FluentWait.java:228)
at com.pages.BasePage.waitForvisibility(BasePage.java:33)
at com.pages.HomePage.getPageTitle(HomePage.java:13)
at com.tests.LoginFlowTest.user_should_login_excel(LoginFlowTest.java:58)
at java.base/jdk.internal.reflect.NativeMethodAccessorImpl.invoke0(Native Method)
at java.base/jdk.internal.reflect.NativeMethodAccessorImpl.invoke(NativeMethodAccessorImpl.java:62)
at java.base/jdk.internal.reflect.DelegatingMethodAccessorImpl.invoke(DelegatingMethodAccessorImpl.java:43)
at java.base/java.lang.reflect.Method.invoke(Method.java:566)
at org.testng.internal.invokers.MethodInvocationHelper.invokeMethod(MethodInvocationHelper.java:141)
at org.testng.internal.invokers.TestInvoker.invokeMethod(TestInvoker.java:687)
at org.testng.internal.invokers.TestInvoker.retryFailed(TestInvoker.java:269)
at org.testng.internal.invokers.TestMethodWithDataProviderMethodWorker.call(TestMethodWithDataProviderMethodWorker.java:105)
at org.testng.internal.thread.Async$AsyncTask.run(Async.java:34)
at java.base/java.util.concurrent.ThreadPoolExecutor.runWorker(ThreadPoolExecutor.java:1128)
at java.base/java.util.concurrent.ThreadPoolExecutor$Worker.run(ThreadPoolExecutor.java:628)
at java.base/java.lang.Thread.run(Thread.java:829)
]]>
            </full-stacktrace>
          </exception> <!-- org.openqa.selenium.TimeoutException -->
          <reporter-output>
          </reporter-output>
        </test-method> <!-- user_should_login_excel -->
        <test-method retried="true" signature="user_should_login_excel(org.pojos.User,java.lang.String)[pri:0, instance:com.tests.LoginFlowTest@770d0ea6]" started-at="2026-01-06T17:41:48 IST" name="user_should_login_excel" description="verifies the user is able to login" data-provider="LoginExcelWithBrowser" finished-at="2026-01-06T17:42:05 IST" duration-ms="16861" status="SKIP">
          <params>
            <param index="0">
              <value>
                <![CDATA[User{username='1ciyilok237@naqulu.com', password='password123'}]]>
              </value>
            </param>
            <param index="1">
              <value>
                <![CDATA[chrome]]>
              </value>
            </param>
          </params>
          <exception class="org.openqa.selenium.TimeoutException">
            <message>
              <![CDATA[Expected condition failed: waiting for visibility of element located by By.className: account (tried for 10 second(s) with 500 milliseconds interval)
Build info: version: '4.39.0', revision: '126f156aee'
System info: os.name: 'Windows 11', os.arch: 'amd64', os.version: '10.0', java.version: '11.0.24'
Driver info: org.openqa.selenium.remote.RemoteWebDriver
Capabilities {acceptInsecureCerts: false, browserName: chrome, browserVersion: 117.0.5938.63, chrome: {chromedriverVersion: 117.0.5938.22 (23382a5a87b8..., userDataDir: C:\Windows\SystemTemp\scope...}, fedcm:accounts: true, goog:chromeOptions: {debuggerAddress: localhost:9225}, networkConnectionEnabled: false, pageLoadStrategy: normal, platformName: windows, proxy: Proxy(), setWindowRect: true, strictFileInteractability: false, timeouts: {implicit: 0, pageLoad: 300000, script: 30000}, unhandledPromptBehavior: dismiss and notify, webauthn:extension:credBlob: true, webauthn:extension:largeBlob: true, webauthn:extension:minPinLength: true, webauthn:extension:prf: true, webauthn:virtualAuthenticators: true}
Session ID: 518296cb4d593c19344f89ab04c847b9]]>
            </message>
            <full-stacktrace>
              <![CDATA[org.openqa.selenium.TimeoutException: Expected condition failed: waiting for visibility of element located by By.className: account (tried for 10 second(s) with 500 milliseconds interval)
Build info: version: '4.39.0', revision: '126f156aee'
System info: os.name: 'Windows 11', os.arch: 'amd64', os.version: '10.0', java.version: '11.0.24'
Driver info: org.openqa.selenium.remote.RemoteWebDriver
Capabilities {acceptInsecureCerts: false, browserName: chrome, browserVersion: 117.0.5938.63, chrome: {chromedriverVersion: 117.0.5938.22 (23382a5a87b8..., userDataDir: C:\Windows\SystemTemp\scope...}, fedcm:accounts: true, goog:chromeOptions: {debuggerAddress: localhost:9225}, networkConnectionEnabled: false, pageLoadStrategy: normal, platformName: windows, proxy: Proxy(), setWindowRect: true, strictFileInteractability: false, timeouts: {implicit: 0, pageLoad: 300000, script: 30000}, unhandledPromptBehavior: dismiss and notify, webauthn:extension:credBlob: true, webauthn:extension:largeBlob: true, webauthn:extension:minPinLength: true, webauthn:extension:prf: true, webauthn:virtualAuthenticators: true}
Session ID: 518296cb4d593c19344f89ab04c847b9
at org.openqa.selenium.support.ui.WebDriverWait.timeoutException(WebDriverWait.java:84)
at org.openqa.selenium.support.ui.FluentWait.until(FluentWait.java:228)
at com.pages.BasePage.waitForvisibility(BasePage.java:33)
at com.pages.HomePage.getPageTitle(HomePage.java:13)
at com.tests.LoginFlowTest.user_should_login_excel(LoginFlowTest.java:58)
at java.base/jdk.internal.reflect.NativeMethodAccessorImpl.invoke0(Native Method)
at java.base/jdk.internal.reflect.NativeMethodAccessorImpl.invoke(NativeMethodAccessorImpl.java:62)
at java.base/jdk.internal.reflect.DelegatingMethodAccessorImpl.invoke(DelegatingMethodAccessorImpl.java:43)
at java.base/java.lang.reflect.Method.invoke(Method.java:566)
at org.testng.internal.invokers.MethodInvocationHelper.invokeMethod(MethodInvocationHelper.java:141)
at org.testng.internal.invokers.TestInvoker.invokeMethod(TestInvoker.java:687)
at org.testng.internal.invokers.TestInvoker.retryFailed(TestInvoker.java:269)
at org.testng.internal.invokers.TestMethodWithDataProviderMethodWorker.call(TestMethodWithDataProviderMethodWorker.java:105)
at org.testng.internal.thread.Async$AsyncTask.run(Async.java:34)
at java.base/java.util.concurrent.ThreadPoolExecutor.runWorker(ThreadPoolExecutor.java:1128)
at java.base/java.util.concurrent.ThreadPoolExecutor$Worker.run(ThreadPoolExecutor.java:628)
at java.base/java.lang.Thread.run(Thread.java:829)
]]>
            </full-stacktrace>
          </exception> <!-- org.openqa.selenium.TimeoutException -->
          <reporter-output>
          </reporter-output>
        </test-method> <!-- user_should_login_excel -->
        <test-method is-config="true" signature="tearDown()[pri:0, instance:com.tests.LoginFlowTest@770d0ea6]" started-at="2026-01-06T17:41:59 IST" name="tearDown" finished-at="2026-01-06T17:41:59 IST" duration-ms="1" status="PASS">
          <reporter-output>
          </reporter-output>
        </test-method> <!-- tearDown -->
        <test-method is-config="true" signature="tearDown()[pri:0, instance:com.tests.LoginFlowTest@770d0ea6]" started-at="2026-01-06T17:42:05 IST" name="tearDown" finished-at="2026-01-06T17:42:05 IST" duration-ms="3" status="PASS">
          <reporter-output>
          </reporter-output>
        </test-method> <!-- tearDown -->
        <test-method is-config="true" signature="setUp([Ljava.lang.Object;)[pri:0, instance:com.tests.LoginFlowTest@770d0ea6]" started-at="2026-01-06T17:42:05 IST" name="setUp" finished-at="2026-01-06T17:42:36 IST" duration-ms="30339" status="PASS">
          <params>
            <param index="0">
              <value>
                <![CDATA[[Ljava.lang.Object;@33aa93c]]>
              </value>
            </param>
          </params>
          <reporter-output>
          </reporter-output>
        </test-method> <!-- setUp -->
        <test-method signature="user_should_login_excel(org.pojos.User,java.lang.String)[pri:0, instance:com.tests.LoginFlowTest@770d0ea6]" started-at="2026-01-06T17:42:36 IST" name="user_should_login_excel" description="verifies the user is able to login" data-provider="LoginExcelWithBrowser" finished-at="2026-01-06T17:42:52 IST" duration-ms="16667" status="FAIL">
          <params>
            <param index="0">
              <value>
                <![CDATA[User{username='1ciyilok237@naqulu.com', password='password123'}]]>
              </value>
            </param>
            <param index="1">
              <value>
                <![CDATA[chrome]]>
              </value>
            </param>
          </params>
          <exception class="org.openqa.selenium.TimeoutException">
            <message>
              <![CDATA[Expected condition failed: waiting for visibility of element located by By.className: account (tried for 10 second(s) with 500 milliseconds interval)
Build info: version: '4.39.0', revision: '126f156aee'
System info: os.name: 'Windows 11', os.arch: 'amd64', os.version: '10.0', java.version: '11.0.24'
Driver info: org.openqa.selenium.remote.RemoteWebDriver
Capabilities {acceptInsecureCerts: false, browserName: chrome, browserVersion: 117.0.5938.63, chrome: {chromedriverVersion: 117.0.5938.22 (23382a5a87b8..., userDataDir: C:\Windows\SystemTemp\scope...}, fedcm:accounts: true, goog:chromeOptions: {debuggerAddress: localhost:9225}, networkConnectionEnabled: false, pageLoadStrategy: normal, platformName: windows, proxy: Proxy(), setWindowRect: true, strictFileInteractability: false, timeouts: {implicit: 0, pageLoad: 300000, script: 30000}, unhandledPromptBehavior: dismiss and notify, webauthn:extension:credBlob: true, webauthn:extension:largeBlob: true, webauthn:extension:minPinLength: true, webauthn:extension:prf: true, webauthn:virtualAuthenticators: true}
Session ID: e8242e36540e41c8619ea25e46b6ba71]]>
            </message>
            <full-stacktrace>
              <![CDATA[org.openqa.selenium.TimeoutException: Expected condition failed: waiting for visibility of element located by By.className: account (tried for 10 second(s) with 500 milliseconds interval)
Build info: version: '4.39.0', revision: '126f156aee'
System info: os.name: 'Windows 11', os.arch: 'amd64', os.version: '10.0', java.version: '11.0.24'
Driver info: org.openqa.selenium.remote.RemoteWebDriver
Capabilities {acceptInsecureCerts: false, browserName: chrome, browserVersion: 117.0.5938.63, chrome: {chromedriverVersion: 117.0.5938.22 (23382a5a87b8..., userDataDir: C:\Windows\SystemTemp\scope...}, fedcm:accounts: true, goog:chromeOptions: {debuggerAddress: localhost:9225}, networkConnectionEnabled: false, pageLoadStrategy: normal, platformName: windows, proxy: Proxy(), setWindowRect: true, strictFileInteractability: false, timeouts: {implicit: 0, pageLoad: 300000, script: 30000}, unhandledPromptBehavior: dismiss and notify, webauthn:extension:credBlob: true, webauthn:extension:largeBlob: true, webauthn:extension:minPinLength: true, webauthn:extension:prf: true, webauthn:virtualAuthenticators: true}
Session ID: e8242e36540e41c8619ea25e46b6ba71
at org.openqa.selenium.support.ui.WebDriverWait.timeoutException(WebDriverWait.java:84)
at org.openqa.selenium.support.ui.FluentWait.until(FluentWait.java:228)
at com.pages.BasePage.waitForvisibility(BasePage.java:33)
at com.pages.HomePage.getPageTitle(HomePage.java:13)
at com.tests.LoginFlowTest.user_should_login_excel(LoginFlowTest.java:58)
at java.base/jdk.internal.reflect.NativeMethodAccessorImpl.invoke0(Native Method)
at java.base/jdk.internal.reflect.NativeMethodAccessorImpl.invoke(NativeMethodAccessorImpl.java:62)
at java.base/jdk.internal.reflect.DelegatingMethodAccessorImpl.invoke(DelegatingMethodAccessorImpl.java:43)
at java.base/java.lang.reflect.Method.invoke(Method.java:566)
at org.testng.internal.invokers.MethodInvocationHelper.invokeMethod(MethodInvocationHelper.java:141)
at org.testng.internal.invokers.TestInvoker.invokeMethod(TestInvoker.java:687)
at org.testng.internal.invokers.TestInvoker.retryFailed(TestInvoker.java:269)
at org.testng.internal.invokers.TestMethodWithDataProviderMethodWorker.call(TestMethodWithDataProviderMethodWorker.java:105)
at org.testng.internal.thread.Async$AsyncTask.run(Async.java:34)
at java.base/java.util.concurrent.ThreadPoolExecutor.runWorker(ThreadPoolExecutor.java:1128)
at java.base/java.util.concurrent.ThreadPoolExecutor$Worker.run(ThreadPoolExecutor.java:628)
at java.base/java.lang.Thread.run(Thread.java:829)
]]>
            </full-stacktrace>
          </exception> <!-- org.openqa.selenium.TimeoutException -->
          <reporter-output>
          </reporter-output>
        </test-method> <!-- user_should_login_excel -->
        <test-method is-config="true" signature="tearDown()[pri:0, instance:com.tests.LoginFlowTest@770d0ea6]" started-at="2026-01-06T17:42:53 IST" name="tearDown" finished-at="2026-01-06T17:42:53 IST" duration-ms="2" status="PASS">
          <reporter-output>
          </reporter-output>
        </test-method> <!-- tearDown -->
      </class> <!-- com.tests.LoginFlowTest -->
    </test> <!-- Login Test -->
  </suite> <!-- Test Suite -->
</testng-results>
