<?xml version="1.0" encoding="UTF-8"?>
<testsuite xmlns:xsi="http://www.w3.org/2001/XMLSchema-instance" xsi:noNamespaceSchemaLocation="https://maven.apache.org/surefire/maven-surefire-plugin/xsd/surefire-test-report-3.0.xsd" version="3.0" name="TestSuite" time="178.007" tests="8" errors="0" skipped="4" failures="2">
  <properties>
[...]
</properties>
  <testcase name="user_should_login_excel[User{username=&apos;ciyilok237@naqulu.com&apos;, password=&apos;password123&apos;}, chrome](1)" classname="com.tests.LoginFlowTest" time="8.265">
    <system-out><![CDATA[2026-01-06T12:09:57.428663800Z main ERROR Appenders has no parameter that matches element PatternLayout
2026-01-06 17:39:57 [main] INFO com.listener.MyTestListner::onStart::75 Test Suite Started 
The environment is :lambda
The environment is :lambda
The environment is :lambda
The environment is :lambda
Creating remote
Creating remote
Creating remote
Creating remote
2026-01-06 17:40:16 [TestNG-PoolService-2] INFO com.listener.MyTestListner::onTestStart::20 STARTED: user_should_login_excel 
2026-01-06 17:40:16 [TestNG-PoolService-2] INFO com.listener.MyTestListner::onTestStart::22 Description: verifies the user is able to login 
2026-01-06 17:40:16 [TestNG-PoolService-2] INFO com.listener.MyTestListner::onTestStart::24 Groups: e2e 
2026-01-06 17:40:19 [TestNG-PoolService-2] INFO com.pages.LoginPage::gotoHomePage::39 click on sign in btn 
2026-01-06 17:40:21 [TestNG-PoolService-2] INFO com.pages.LoginPage::gotoHomePage::41 enter username and password 
2026-01-06 17:40:23 [TestNG-PoolService-3] INFO com.listener.MyTestListner::onTestStart::20 STARTED: user_should_login_excel 
2026-01-06 17:40:23 [TestNG-PoolService-3] INFO com.listener.MyTestListner::onTestStart::22 Description: verifies the user is able to login 
2026-01-06 17:40:23 [TestNG-PoolService-3] INFO com.listener.MyTestListner::onTestStart::24 Groups: e2e 
2026-01-06 17:40:27 [TestNG-PoolService-3] INFO com.pages.LoginPage::gotoHomePage::39 click on sign in btn 
2026-01-06 17:40:28 [TestNG-PoolService-3] INFO com.pages.LoginPage::gotoHomePage::41 enter username and password 
2026-01-06 17:40:30 [TestNG-PoolService-3] INFO com.listener.MyTestListner::onTestSuccess::29 PASSED: user_should_login_excel 
]]></system-out>
    <system-err><![CDATA[SLF4J(W): No SLF4J providers were found.
SLF4J(W): Defaulting to no-operation (NOP) logger implementation
SLF4J(W): See https://www.slf4j.org/codes.html#noProviders for further details.
Jan 06, 2026 5:39:58 PM org.openqa.selenium.remote.tracing.opentelemetry.OpenTelemetryTracer createTracer
INFO: Using OpenTelemetry for tracing
]]></system-err>
  </testcase>
  <testcase name="user_should_login_excel[User{username=&apos;1ciyilok237@naqulu.com&apos;, password=&apos;password123&apos;}, firefox](2)" classname="com.tests.LoginFlowTest" time="0.0">
    <skipped message="Expected condition failed: waiting for visibility of element located by By.className: account (tried for 10 second(s) with 500 milliseconds interval)&#10;Build info: version: &apos;4.39.0&apos;, revision: &apos;126f156aee&apos;&#10;System info: os.name: &apos;Windows 11&apos;, os.arch: &apos;amd64&apos;, os.version: &apos;10.0&apos;, java.version: &apos;11.0.24&apos;&#10;Driver info: org.openqa.selenium.remote.RemoteWebDriver&#10;Capabilities {acceptInsecureCerts: true, browserName: firefox, browserVersion: 117.0, moz:accessibilityChecks: false, moz:buildID: 20230824132758, moz:geckodriverVersion: 0.35.0, moz:headless: false, moz:platformVersion: 10.0, moz:processID: 4876, moz:profile: C:\Users\ltuser\AppData\Loc..., moz:shutdownTimeout: 60000, moz:webdriverClick: true, moz:windowless: false, pageLoadStrategy: normal, platformName: windows, proxy: Proxy(), setWindowRect: true, strictFileInteractability: false, timeouts: {implicit: 0, pageLoad: 300000, script: 30000}, unhandledPromptBehavior: dismiss and notify}&#10;Session ID: 2081cc4d-1a93-4ce2-a347-34da7e8efa56"/>
    <system-out><![CDATA[2026-01-06 17:40:33 [TestNG-PoolService-2] WARN com.listener.MyTestListner::onTestSkipped::66 SKIPPED: user_should_login_excel 
2026-01-06 17:40:33 [TestNG-PoolService-2] WARN com.listener.MyTestListner::onTestSkipped::68 Reason: Expected condition failed: waiting for visibility of element located by By.className: account (tried for 10 second(s) with 500 milliseconds interval)
Build info: version: '4.39.0', revision: '126f156aee'
System info: os.name: 'Windows 11', os.arch: 'amd64', os.version: '10.0', java.version: '11.0.24'
Driver info: org.openqa.selenium.remote.RemoteWebDriver
Capabilities {acceptInsecureCerts: true, browserName: firefox, browserVersion: 117.0, moz:accessibilityChecks: false, moz:buildID: 20230824132758, moz:geckodriverVersion: 0.35.0, moz:headless: false, moz:platformVersion: 10.0, moz:processID: 4876, moz:profile: C:\Users\ltuser\AppData\Loc..., moz:shutdownTimeout: 60000, moz:webdriverClick: true, moz:windowless: false, pageLoadStrategy: normal, platformName: windows, proxy: Proxy(), setWindowRect: true, strictFileInteractability: false, timeouts: {implicit: 0, pageLoad: 300000, script: 30000}, unhandledPromptBehavior: dismiss and notify}
Session ID: 2081cc4d-1a93-4ce2-a347-34da7e8efa56 
]]></system-out>
  </testcase>
  <testcase name="user_should_login_excel[User{username=&apos;1ciyilok237@naqulu.com&apos;, password=&apos;password123&apos;}, firefox](3)" classname="com.tests.LoginFlowTest" time="0.0">
    <skipped message="Expected condition failed: waiting for visibility of element located by By.className: account (tried for 10 second(s) with 500 milliseconds interval)&#10;Build info: version: &apos;4.39.0&apos;, revision: &apos;126f156aee&apos;&#10;System info: os.name: &apos;Windows 11&apos;, os.arch: &apos;amd64&apos;, os.version: &apos;10.0&apos;, java.version: &apos;11.0.24&apos;&#10;Driver info: org.openqa.selenium.remote.RemoteWebDriver&#10;Capabilities {acceptInsecureCerts: true, browserName: firefox, browserVersion: 117.0, moz:accessibilityChecks: false, moz:buildID: 20230824132758, moz:geckodriverVersion: 0.35.0, moz:headless: false, moz:platformVersion: 10.0, moz:processID: 2888, moz:profile: C:\Users\ltuser\AppData\Loc..., moz:shutdownTimeout: 60000, moz:webdriverClick: true, moz:windowless: false, pageLoadStrategy: normal, platformName: windows, proxy: Proxy(), setWindowRect: true, strictFileInteractability: false, timeouts: {implicit: 0, pageLoad: 300000, script: 30000}, unhandledPromptBehavior: dismiss and notify}&#10;Session ID: c61cc88d-6bad-40f9-846c-18896d5e1ddd"/>
    <system-out><![CDATA[The environment is :lambda
Creating remote
2026-01-06 17:40:47 [TestNG-PoolService-2] INFO com.listener.MyTestListner::onTestStart::20 STARTED: user_should_login_excel 
2026-01-06 17:40:47 [TestNG-PoolService-2] INFO com.listener.MyTestListner::onTestStart::22 Description: verifies the user is able to login 
2026-01-06 17:40:47 [TestNG-PoolService-2] INFO com.listener.MyTestListner::onTestStart::24 Groups: e2e 
2026-01-06 17:40:51 [TestNG-PoolService-2] INFO com.pages.LoginPage::gotoHomePage::39 click on sign in btn 
2026-01-06 17:40:53 [TestNG-PoolService-2] INFO com.pages.LoginPage::gotoHomePage::41 enter username and password 
2026-01-06 17:41:01 [TestNG-PoolService-1] INFO com.listener.MyTestListner::onTestStart::20 STARTED: user_should_login_excel 
2026-01-06 17:41:01 [TestNG-PoolService-1] INFO com.listener.MyTestListner::onTestStart::22 Description: verifies the user is able to login 
2026-01-06 17:41:01 [TestNG-PoolService-1] INFO com.listener.MyTestListner::onTestStart::24 Groups: e2e 
2026-01-06 17:41:05 [TestNG-PoolService-2] WARN com.listener.MyTestListner::onTestSkipped::66 SKIPPED: user_should_login_excel 
2026-01-06 17:41:05 [TestNG-PoolService-2] WARN com.listener.MyTestListner::onTestSkipped::68 Reason: Expected condition failed: waiting for visibility of element located by By.className: account (tried for 10 second(s) with 500 milliseconds interval)
Build info: version: '4.39.0', revision: '126f156aee'
System info: os.name: 'Windows 11', os.arch: 'amd64', os.version: '10.0', java.version: '11.0.24'
Driver info: org.openqa.selenium.remote.RemoteWebDriver
Capabilities {acceptInsecureCerts: true, browserName: firefox, browserVersion: 117.0, moz:accessibilityChecks: false, moz:buildID: 20230824132758, moz:geckodriverVersion: 0.35.0, moz:headless: false, moz:platformVersion: 10.0, moz:processID: 2888, moz:profile: C:\Users\ltuser\AppData\Loc..., moz:shutdownTimeout: 60000, moz:webdriverClick: true, moz:windowless: false, pageLoadStrategy: normal, platformName: windows, proxy: Proxy(), setWindowRect: true, strictFileInteractability: false, timeouts: {implicit: 0, pageLoad: 300000, script: 30000}, unhandledPromptBehavior: dismiss and notify}
Session ID: c61cc88d-6bad-40f9-846c-18896d5e1ddd 
2026-01-06 17:41:05 [TestNG-PoolService-1] INFO com.pages.LoginPage::gotoHomePage::39 click on sign in btn 
]]></system-out>
  </testcase>
  <testcase name="user_should_login_excel[User{username=&apos;1ciyilok237@naqulu.com&apos;, password=&apos;password123&apos;}, chrome](4)" classname="com.tests.LoginFlowTest" time="0.0">
    <skipped message="Expected condition failed: waiting for visibility of element located by By.className: account (tried for 10 second(s) with 500 milliseconds interval)&#10;Build info: version: &apos;4.39.0&apos;, revision: &apos;126f156aee&apos;&#10;System info: os.name: &apos;Windows 11&apos;, os.arch: &apos;amd64&apos;, os.version: &apos;10.0&apos;, java.version: &apos;11.0.24&apos;&#10;Driver info: org.openqa.selenium.remote.RemoteWebDriver&#10;Capabilities {acceptInsecureCerts: false, browserName: chrome, browserVersion: 117.0.5938.63, chrome: {chromedriverVersion: 117.0.5938.22 (23382a5a87b8..., userDataDir: C:\Windows\SystemTemp\scope...}, fedcm:accounts: true, goog:chromeOptions: {debuggerAddress: localhost:9225}, networkConnectionEnabled: false, pageLoadStrategy: normal, platformName: windows, proxy: Proxy(), setWindowRect: true, strictFileInteractability: false, timeouts: {implicit: 0, pageLoad: 300000, script: 30000}, unhandledPromptBehavior: dismiss and notify, webauthn:extension:credBlob: true, webauthn:extension:largeBlob: true, webauthn:extension:minPinLength: true, webauthn:extension:prf: true, webauthn:virtualAuthenticators: true}&#10;Session ID: 5ab72500aef01772bb6543db2b931a19"/>
    <system-out><![CDATA[The environment is :lambda
Creating remote
2026-01-06 17:41:07 [TestNG-PoolService-1] INFO com.pages.LoginPage::gotoHomePage::41 enter username and password 
2026-01-06 17:41:19 [TestNG-PoolService-1] WARN com.listener.MyTestListner::onTestSkipped::66 SKIPPED: user_should_login_excel 
2026-01-06 17:41:19 [TestNG-PoolService-1] WARN com.listener.MyTestListner::onTestSkipped::68 Reason: Expected condition failed: waiting for visibility of element located by By.className: account (tried for 10 second(s) with 500 milliseconds interval)
Build info: version: '4.39.0', revision: '126f156aee'
System info: os.name: 'Windows 11', os.arch: 'amd64', os.version: '10.0', java.version: '11.0.24'
Driver info: org.openqa.selenium.remote.RemoteWebDriver
Capabilities {acceptInsecureCerts: false, browserName: chrome, browserVersion: 117.0.5938.63, chrome: {chromedriverVersion: 117.0.5938.22 (23382a5a87b8..., userDataDir: C:\Windows\SystemTemp\scope...}, fedcm:accounts: true, goog:chromeOptions: {debuggerAddress: localhost:9225}, networkConnectionEnabled: false, pageLoadStrategy: normal, platformName: windows, proxy: Proxy(), setWindowRect: true, strictFileInteractability: false, timeouts: {implicit: 0, pageLoad: 300000, script: 30000}, unhandledPromptBehavior: dismiss and notify, webauthn:extension:credBlob: true, webauthn:extension:largeBlob: true, webauthn:extension:minPinLength: true, webauthn:extension:prf: true, webauthn:virtualAuthenticators: true}
Session ID: 5ab72500aef01772bb6543db2b931a19 
]]></system-out>
  </testcase>
  <testcase name="user_should_login_excel[User{username=&apos;ciyilok237@naqulu.com&apos;, password=&apos;password123&apos;}, firefox](5)" classname="com.tests.LoginFlowTest" time="7.376">
    <system-out><![CDATA[The environment is :lambda
Creating remote
2026-01-06 17:41:21 [TestNG-PoolService-4] INFO com.listener.MyTestListner::onTestStart::20 STARTED: user_should_login_excel 
2026-01-06 17:41:21 [TestNG-PoolService-4] INFO com.listener.MyTestListner::onTestStart::22 Description: verifies the user is able to login 
2026-01-06 17:41:21 [TestNG-PoolService-4] INFO com.listener.MyTestListner::onTestStart::24 Groups: e2e 
2026-01-06 17:41:24 [TestNG-PoolService-4] INFO com.pages.LoginPage::gotoHomePage::39 click on sign in btn 
2026-01-06 17:41:25 [TestNG-PoolService-4] INFO com.pages.LoginPage::gotoHomePage::41 enter username and password 
2026-01-06 17:41:27 [TestNG-PoolService-4] INFO com.listener.MyTestListner::onTestSuccess::29 PASSED: user_should_login_excel 
]]></system-out>
  </testcase>
  <testcase name="user_should_login_excel[User{username=&apos;1ciyilok237@naqulu.com&apos;, password=&apos;password123&apos;}, firefox](6)" classname="com.tests.LoginFlowTest" time="10.584">
    <failure message="Expected condition failed: waiting for visibility of element located by By.className: account (tried for 10 second(s) with 500 milliseconds interval)&#10;Build info: version: &apos;4.39.0&apos;, revision: &apos;126f156aee&apos;&#10;System info: os.name: &apos;Windows 11&apos;, os.arch: &apos;amd64&apos;, os.version: &apos;10.0&apos;, java.version: &apos;11.0.24&apos;&#10;Driver info: org.openqa.selenium.remote.RemoteWebDriver&#10;Capabilities {acceptInsecureCerts: true, browserName: firefox, browserVersion: 117.0, moz:accessibilityChecks: false, moz:buildID: 20230824132758, moz:geckodriverVersion: 0.35.0, moz:headless: false, moz:platformVersion: 10.0, moz:processID: 9876, moz:profile: C:\Users\ltuser\AppData\Loc..., moz:shutdownTimeout: 60000, moz:webdriverClick: true, moz:windowless: false, pageLoadStrategy: normal, platformName: windows, proxy: Proxy(), setWindowRect: true, strictFileInteractability: false, timeouts: {implicit: 0, pageLoad: 300000, script: 30000}, unhandledPromptBehavior: dismiss and notify}&#10;Session ID: ecf76cb1-e270-4b8b-90e4-d99912d7d334" type="org.openqa.selenium.TimeoutException"><![CDATA[org.openqa.selenium.TimeoutException: 
Expected condition failed: waiting for visibility of element located by By.className: account (tried for 10 second(s) with 500 milliseconds interval)
Build info: version: '4.39.0', revision: '126f156aee'
System info: os.name: 'Windows 11', os.arch: 'amd64', os.version: '10.0', java.version: '11.0.24'
Driver info: org.openqa.selenium.remote.RemoteWebDriver
Capabilities {acceptInsecureCerts: true, browserName: firefox, browserVersion: 117.0, moz:accessibilityChecks: false, moz:buildID: 20230824132758, moz:geckodriverVersion: 0.35.0, moz:headless: false, moz:platformVersion: 10.0, moz:processID: 9876, moz:profile: C:\Users\ltuser\AppData\Loc..., moz:shutdownTimeout: 60000, moz:webdriverClick: true, moz:windowless: false, pageLoadStrategy: normal, platformName: windows, proxy: Proxy(), setWindowRect: true, strictFileInteractability: false, timeouts: {implicit: 0, pageLoad: 300000, script: 30000}, unhandledPromptBehavior: dismiss and notify}
Session ID: ecf76cb1-e270-4b8b-90e4-d99912d7d334
	at org.openqa.selenium.support.ui.WebDriverWait.timeoutException(WebDriverWait.java:84)
	at org.openqa.selenium.support.ui.FluentWait.until(FluentWait.java:228)
	at com.pages.BasePage.waitForvisibility(BasePage.java:33)
	at com.pages.HomePage.getPageTitle(HomePage.java:13)
	at com.tests.LoginFlowTest.user_should_login_excel(LoginFlowTest.java:58)
	at java.base/jdk.internal.reflect.NativeMethodAccessorImpl.invoke0(Native Method)
	at java.base/jdk.internal.reflect.NativeMethodAccessorImpl.invoke(NativeMethodAccessorImpl.java:62)
	at java.base/jdk.internal.reflect.DelegatingMethodAccessorImpl.invoke(DelegatingMethodAccessorImpl.java:43)
	at java.base/java.lang.reflect.Method.invoke(Method.java:566)
	at org.testng.internal.invokers.MethodInvocationHelper.invokeMethod(MethodInvocationHelper.java:141)
	at org.testng.internal.invokers.TestInvoker.invokeMethod(TestInvoker.java:687)
	at org.testng.internal.invokers.TestInvoker.retryFailed(TestInvoker.java:269)
	at org.testng.internal.invokers.TestMethodWithDataProviderMethodWorker.call(TestMethodWithDataProviderMethodWorker.java:105)
	at org.testng.internal.thread.Async$AsyncTask.run(Async.java:34)
	at java.base/java.util.concurrent.ThreadPoolExecutor.runWorker(ThreadPoolExecutor.java:1128)
	at java.base/java.util.concurrent.ThreadPoolExecutor$Worker.run(ThreadPoolExecutor.java:628)
	at java.base/java.lang.Thread.run(Thread.java:829)
]]></failure>
    <system-out><![CDATA[2026-01-06 17:41:38 [TestNG-PoolService-2] INFO com.listener.MyTestListner::onTestStart::20 STARTED: user_should_login_excel 
2026-01-06 17:41:38 [TestNG-PoolService-2] INFO com.listener.MyTestListner::onTestStart::22 Description: verifies the user is able to login 
2026-01-06 17:41:38 [TestNG-PoolService-2] INFO com.listener.MyTestListner::onTestStart::24 Groups: e2e 
2026-01-06 17:41:40 [TestNG-PoolService-2] INFO com.pages.LoginPage::gotoHomePage::39 click on sign in btn 
2026-01-06 17:41:42 [TestNG-PoolService-2] INFO com.pages.LoginPage::gotoHomePage::41 enter username and password 
2026-01-06 17:41:48 [TestNG-PoolService-1] INFO com.listener.MyTestListner::onTestStart::20 STARTED: user_should_login_excel 
2026-01-06 17:41:48 [TestNG-PoolService-1] INFO com.listener.MyTestListner::onTestStart::22 Description: verifies the user is able to login 
2026-01-06 17:41:48 [TestNG-PoolService-1] INFO com.listener.MyTestListner::onTestStart::24 Groups: e2e 
2026-01-06 17:41:52 [TestNG-PoolService-1] INFO com.pages.LoginPage::gotoHomePage::39 click on sign in btn 
2026-01-06 17:41:53 [TestNG-PoolService-1] INFO com.pages.LoginPage::gotoHomePage::41 enter username and password 
2026-01-06 17:41:55 [TestNG-PoolService-2] ERROR com.listener.MyTestListner::onTestFailure::36 FAILED: user_should_login_excel 
]]></system-out>
  </testcase>
  <testcase name="user_should_login_excel[User{username=&apos;1ciyilok237@naqulu.com&apos;, password=&apos;password123&apos;}, chrome](7)" classname="com.tests.LoginFlowTest" time="0.0">
    <skipped message="Expected condition failed: waiting for visibility of element located by By.className: account (tried for 10 second(s) with 500 milliseconds interval)&#10;Build info: version: &apos;4.39.0&apos;, revision: &apos;126f156aee&apos;&#10;System info: os.name: &apos;Windows 11&apos;, os.arch: &apos;amd64&apos;, os.version: &apos;10.0&apos;, java.version: &apos;11.0.24&apos;&#10;Driver info: org.openqa.selenium.remote.RemoteWebDriver&#10;Capabilities {acceptInsecureCerts: false, browserName: chrome, browserVersion: 117.0.5938.63, chrome: {chromedriverVersion: 117.0.5938.22 (23382a5a87b8..., userDataDir: C:\Windows\SystemTemp\scope...}, fedcm:accounts: true, goog:chromeOptions: {debuggerAddress: localhost:9225}, networkConnectionEnabled: false, pageLoadStrategy: normal, platformName: windows, proxy: Proxy(), setWindowRect: true, strictFileInteractability: false, timeouts: {implicit: 0, pageLoad: 300000, script: 30000}, unhandledPromptBehavior: dismiss and notify, webauthn:extension:credBlob: true, webauthn:extension:largeBlob: true, webauthn:extension:minPinLength: true, webauthn:extension:prf: true, webauthn:virtualAuthenticators: true}&#10;Session ID: 518296cb4d593c19344f89ab04c847b9"/>
    <system-out><![CDATA[2026-01-06 17:42:05 [TestNG-PoolService-1] WARN com.listener.MyTestListner::onTestSkipped::66 SKIPPED: user_should_login_excel 
2026-01-06 17:42:05 [TestNG-PoolService-1] WARN com.listener.MyTestListner::onTestSkipped::68 Reason: Expected condition failed: waiting for visibility of element located by By.className: account (tried for 10 second(s) with 500 milliseconds interval)
Build info: version: '4.39.0', revision: '126f156aee'
System info: os.name: 'Windows 11', os.arch: 'amd64', os.version: '10.0', java.version: '11.0.24'
Driver info: org.openqa.selenium.remote.RemoteWebDriver
Capabilities {acceptInsecureCerts: false, browserName: chrome, browserVersion: 117.0.5938.63, chrome: {chromedriverVersion: 117.0.5938.22 (23382a5a87b8..., userDataDir: C:\Windows\SystemTemp\scope...}, fedcm:accounts: true, goog:chromeOptions: {debuggerAddress: localhost:9225}, networkConnectionEnabled: false, pageLoadStrategy: normal, platformName: windows, proxy: Proxy(), setWindowRect: true, strictFileInteractability: false, timeouts: {implicit: 0, pageLoad: 300000, script: 30000}, unhandledPromptBehavior: dismiss and notify, webauthn:extension:credBlob: true, webauthn:extension:largeBlob: true, webauthn:extension:minPinLength: true, webauthn:extension:prf: true, webauthn:virtualAuthenticators: true}
Session ID: 518296cb4d593c19344f89ab04c847b9 
]]></system-out>
  </testcase>
  <testcase name="user_should_login_excel[User{username=&apos;1ciyilok237@naqulu.com&apos;, password=&apos;password123&apos;}, chrome](8)" classname="com.tests.LoginFlowTest" time="17.612">
    <failure message="Expected condition failed: waiting for visibility of element located by By.className: account (tried for 10 second(s) with 500 milliseconds interval)&#10;Build info: version: &apos;4.39.0&apos;, revision: &apos;126f156aee&apos;&#10;System info: os.name: &apos;Windows 11&apos;, os.arch: &apos;amd64&apos;, os.version: &apos;10.0&apos;, java.version: &apos;11.0.24&apos;&#10;Driver info: org.openqa.selenium.remote.RemoteWebDriver&#10;Capabilities {acceptInsecureCerts: false, browserName: chrome, browserVersion: 117.0.5938.63, chrome: {chromedriverVersion: 117.0.5938.22 (23382a5a87b8..., userDataDir: C:\Windows\SystemTemp\scope...}, fedcm:accounts: true, goog:chromeOptions: {debuggerAddress: localhost:9225}, networkConnectionEnabled: false, pageLoadStrategy: normal, platformName: windows, proxy: Proxy(), setWindowRect: true, strictFileInteractability: false, timeouts: {implicit: 0, pageLoad: 300000, script: 30000}, unhandledPromptBehavior: dismiss and notify, webauthn:extension:credBlob: true, webauthn:extension:largeBlob: true, webauthn:extension:minPinLength: true, webauthn:extension:prf: true, webauthn:virtualAuthenticators: true}&#10;Session ID: e8242e36540e41c8619ea25e46b6ba71" type="org.openqa.selenium.TimeoutException"><![CDATA[org.openqa.selenium.TimeoutException: 
Expected condition failed: waiting for visibility of element located by By.className: account (tried for 10 second(s) with 500 milliseconds interval)
Build info: version: '4.39.0', revision: '126f156aee'
System info: os.name: 'Windows 11', os.arch: 'amd64', os.version: '10.0', java.version: '11.0.24'
Driver info: org.openqa.selenium.remote.RemoteWebDriver
Capabilities {acceptInsecureCerts: false, browserName: chrome, browserVersion: 117.0.5938.63, chrome: {chromedriverVersion: 117.0.5938.22 (23382a5a87b8..., userDataDir: C:\Windows\SystemTemp\scope...}, fedcm:accounts: true, goog:chromeOptions: {debuggerAddress: localhost:9225}, networkConnectionEnabled: false, pageLoadStrategy: normal, platformName: windows, proxy: Proxy(), setWindowRect: true, strictFileInteractability: false, timeouts: {implicit: 0, pageLoad: 300000, script: 30000}, unhandledPromptBehavior: dismiss and notify, webauthn:extension:credBlob: true, webauthn:extension:largeBlob: true, webauthn:extension:minPinLength: true, webauthn:extension:prf: true, webauthn:virtualAuthenticators: true}
Session ID: e8242e36540e41c8619ea25e46b6ba71
	at org.openqa.selenium.support.ui.WebDriverWait.timeoutException(WebDriverWait.java:84)
	at org.openqa.selenium.support.ui.FluentWait.until(FluentWait.java:228)
	at com.pages.BasePage.waitForvisibility(BasePage.java:33)
	at com.pages.HomePage.getPageTitle(HomePage.java:13)
	at com.tests.LoginFlowTest.user_should_login_excel(LoginFlowTest.java:58)
	at java.base/jdk.internal.reflect.NativeMethodAccessorImpl.invoke0(Native Method)
	at java.base/jdk.internal.reflect.NativeMethodAccessorImpl.invoke(NativeMethodAccessorImpl.java:62)
	at java.base/jdk.internal.reflect.DelegatingMethodAccessorImpl.invoke(DelegatingMethodAccessorImpl.java:43)
	at java.base/java.lang.reflect.Method.invoke(Method.java:566)
	at org.testng.internal.invokers.MethodInvocationHelper.invokeMethod(MethodInvocationHelper.java:141)
	at org.testng.internal.invokers.TestInvoker.invokeMethod(TestInvoker.java:687)
	at org.testng.internal.invokers.TestInvoker.retryFailed(TestInvoker.java:269)
	at org.testng.internal.invokers.TestMethodWithDataProviderMethodWorker.call(TestMethodWithDataProviderMethodWorker.java:105)
	at org.testng.internal.thread.Async$AsyncTask.run(Async.java:34)
	at java.base/java.util.concurrent.ThreadPoolExecutor.runWorker(ThreadPoolExecutor.java:1128)
	at java.base/java.util.concurrent.ThreadPoolExecutor$Worker.run(ThreadPoolExecutor.java:628)
	at java.base/java.lang.Thread.run(Thread.java:829)
]]></failure>
    <system-out><![CDATA[The environment is :lambda
Creating remote
2026-01-06 17:42:36 [TestNG-PoolService-1] INFO com.listener.MyTestListner::onTestStart::20 STARTED: user_should_login_excel 
2026-01-06 17:42:36 [TestNG-PoolService-1] INFO com.listener.MyTestListner::onTestStart::22 Description: verifies the user is able to login 
2026-01-06 17:42:36 [TestNG-PoolService-1] INFO com.listener.MyTestListner::onTestStart::24 Groups: e2e 
2026-01-06 17:42:39 [TestNG-PoolService-1] INFO com.pages.LoginPage::gotoHomePage::39 click on sign in btn 
2026-01-06 17:42:41 [TestNG-PoolService-1] INFO com.pages.LoginPage::gotoHomePage::41 enter username and password 
2026-01-06 17:42:52 [TestNG-PoolService-1] ERROR com.listener.MyTestListner::onTestFailure::36 FAILED: user_should_login_excel 
]]></system-out>
  </testcase>
</testsuite>