{
  "uid" : "ececb59717e33712",
  "name" : "setUp",
  "fullName" : "com.tests.BaseTest.setUp",
  "historyId" : "22f61040b4807705fd8140fffe5aa9b2",
  "time" : {
    "start" : 1767710533818,
    "stop" : 1767710533819,
    "duration" : 1
  },
  "status" : "broken",
  "statusMessage" : "java.net.URISyntaxException: Illegal character in authority at index 8: https://${LT_USERNAME}:${LT_ACCESS_KEY}@hub.lambdatest.com/wd/hub",
  "statusTrace" : "java.lang.RuntimeException: java.net.URISyntaxException: Illegal character in authority at index 8: https://${LT_USERNAME}:${LT_ACCESS_KEY}@hub.lambdatest.com/wd/hub\n\tat org.openqa.selenium.remote.http.ClientConfig.baseUrl(ClientConfig.java:93)\n\tat org.openqa.selenium.remote.RemoteWebDriver.createExecutor(RemoteWebDriver.java:199)\n\tat org.openqa.selenium.remote.RemoteWebDriver.<init>(RemoteWebDriver.java:157)\n\tat com.driver.LambdaDriverFactory.getRemoteDriver(LambdaDriverFactory.java:43)\n\tat com.driver.DriverFactory.initDriver(DriverFactory.java:23)\n\tat com.driver.DriverFactory.initDriver(DriverFactory.java:16)\n\tat com.tests.BaseTest.setUp(BaseTest.java:14)\n\tat java.base/jdk.internal.reflect.NativeMethodAccessorImpl.invoke0(Native Method)\n\tat java.base/jdk.internal.reflect.NativeMethodAccessorImpl.invoke(NativeMethodAccessorImpl.java:62)\n\tat java.base/jdk.internal.reflect.DelegatingMethodAccessorImpl.invoke(DelegatingMethodAccessorImpl.java:43)\n\tat java.base/java.lang.reflect.Method.invoke(Method.java:566)\n\tat org.testng.internal.invokers.MethodInvocationHelper.invokeMethod(MethodInvocationHelper.java:141)\n\tat org.testng.internal.invokers.MethodInvocationHelper.invokeMethodConsideringTimeout(MethodInvocationHelper.java:71)\n\tat org.testng.internal.invokers.ConfigInvoker.invokeConfigurationMethod(ConfigInvoker.java:400)\n\tat org.testng.internal.invokers.ConfigInvoker.invokeConfigurations(ConfigInvoker.java:333)\n\tat org.testng.internal.invokers.TestInvoker.runConfigMethods(TestInvoker.java:836)\n\tat org.testng.internal.invokers.TestInvoker.invokeMethod(TestInvoker.java:601)\n\tat org.testng.internal.invokers.TestInvoker.invokeTestMethod(TestInvoker.java:230)\n\tat org.testng.internal.invokers.TestMethodWithDataProviderMethodWorker.call(TestMethodWithDataProviderMethodWorker.java:81)\n\tat org.testng.internal.thread.Async$AsyncTask.run(Async.java:34)\n\tat java.base/java.util.concurrent.ThreadPoolExecutor.runWorker(ThreadPoolExecutor.java:1128)\n\tat java.base/java.util.concurrent.ThreadPoolExecutor$Worker.run(ThreadPoolExecutor.java:628)\n\tat java.base/java.lang.Thread.run(Thread.java:829)\nCaused by: java.net.URISyntaxException: Illegal character in authority at index 8: https://${LT_USERNAME}:${LT_ACCESS_KEY}@hub.lambdatest.com/wd/hub\n\tat java.base/java.net.URI$Parser.fail(URI.java:2913)\n\tat java.base/java.net.URI$Parser.parseAuthority(URI.java:3261)\n\tat java.base/java.net.URI$Parser.parseHierarchical(URI.java:3158)\n\tat java.base/java.net.URI$Parser.parse(URI.java:3114)\n\tat java.base/java.net.URI.<init>(URI.java:600)\n\tat java.base/java.net.URL.toURI(URL.java:1061)\n\tat org.openqa.selenium.remote.http.ClientConfig.baseUrl(ClientConfig.java:91)\n\t... 22 more\n",
  "flaky" : false,
  "newFailed" : false,
  "beforeStages" : [ ],
  "afterStages" : [ ],
  "labels" : [ {
    "name" : "package",
    "value" : "com.tests.LoginFlowTest"
  }, {
    "name" : "testClass",
    "value" : "com.tests.LoginFlowTest"
  }, {
    "name" : "testMethod",
    "value" : "setUp"
  }, {
    "name" : "parentSuite",
    "value" : "Test Suite"
  }, {
    "name" : "suite",
    "value" : "Login Test"
  }, {
    "name" : "subSuite",
    "value" : "com.tests.LoginFlowTest"
  }, {
    "name" : "host",
    "value" : "runnervmh13bl"
  }, {
    "name" : "thread",
    "value" : "2214@runnervmh13bl.TestNG-PoolService-3(18)"
  }, {
    "name" : "framework",
    "value" : "testng"
  }, {
    "name" : "language",
    "value" : "java"
  }, {
    "name" : "AS_ID",
    "value" : "-1"
  }, {
    "name" : "resultFormat",
    "value" : "allure2"
  } ],
  "parameters" : [ ],
  "links" : [ ],
  "hidden" : false,
  "retry" : false,
  "extra" : {
    "severity" : "normal",
    "retries" : [ {
      "uid" : "87c65c07e5f43204",
      "status" : "broken",
      "statusDetails" : "java.net.URISyntaxException: Illegal character in authority at index 8: https://${LT_USERNAME}:${LT_ACCESS_KEY}@hub.lambdatest.com/wd/hub",
      "time" : {
        "start" : 1767710533816,
        "stop" : 1767710533818,
        "duration" : 2
      }
    }, {
      "uid" : "cb30a4cf90a3453c",
      "status" : "broken",
      "statusDetails" : "java.net.URISyntaxException: Illegal character in authority at index 8: https://${LT_USERNAME}:${LT_ACCESS_KEY}@hub.lambdatest.com/wd/hub",
      "time" : {
        "start" : 1767710533816,
        "stop" : 1767710533818,
        "duration" : 2
      }
    }, {
      "uid" : "22d4424a5b57d1b",
      "status" : "broken",
      "statusDetails" : "java.net.URISyntaxException: Illegal character in authority at index 8: https://${LT_USERNAME}:${LT_ACCESS_KEY}@hub.lambdatest.com/wd/hub",
      "time" : {
        "start" : 1767710533816,
        "stop" : 1767710533818,
        "duration" : 2
      }
    } ],
    "categories" : [ {
      "name" : "Test defects",
      "matchedStatuses" : [ ],
      "flaky" : false
    } ],
    "tags" : [ ]
  },
  "source" : "ececb59717e33712.json",
  "parameterValues" : [ ]
}